[logsAndroid_Android INFO ] 2020-04-23 19:10:47.232 BaseTest:168 - log path: logs\Android_Android
[logsAndroid_Android INFO ] 2020-04-23 19:10:47.293 BaseTest:175 - load config.properties
[logsAndroid_Android INFO ] 2020-04-23 19:10:47.294 BaseTest:180 - load strings/strings.xml
[logsAndroid_Android INFO ] 2020-04-23 19:11:20.376 BaseTest:221 - driver initialized: io.appium.java_client.android.AndroidDriver, Capabilities: {appActivity=com.ebay.mobile.activities.MainActivity, appPackage=com.ebay.mobile, automationName=appium, chromeDriverPort=11000, databaseEnabled=false, desired={platformName=android, chromeDriverPort=11000, appActivity=com.ebay.mobile.activities.MainActivity, appPackage=com.ebay.mobile, automationName=appium, deviceName=Android, systemPort=10000}, deviceApiLevel=29, deviceManufacturer=samsung, deviceModel=SM-G973F, deviceName=RF8M33H972B, deviceScreenDensity=420, deviceScreenSize=1080x2280, deviceUDID=RF8M33H972B, javascriptEnabled=true, locationContextEnabled=false, networkConnectionEnabled=true, pixelRatio=2.625, platform=LINUX, platformName=Android, platformVersion=10, statBarHeight=112, systemPort=10000, takesScreenshot=true, viewportRect={left=0, top=112, width=1080, height=2017}, warnings={}, webStorageEnabled=false}
[logsAndroid_Android INFO ] 2020-04-23 19:11:26.819 LoginPageEbay:27 - login with sdet2021@gmail.com
[logsAndroid_Android INFO ] 2020-04-23 19:11:29.181 LoginPageEbay:39 - press login button
[logsAndroid_Android INFO ] 2020-04-23 19:11:31.095 BaseTest:135 - video path: videos\Android_Android\2020-04-23-19-10-46\LoginTestsEbay\verifyLogin.mp4
[logsAndroid_Android INFO ] 2020-04-23 19:14:33.260 BaseTest:168 - log path: logs\Android_Android
[logsAndroid_Android INFO ] 2020-04-23 19:14:33.309 BaseTest:175 - load config.properties
[logsAndroid_Android INFO ] 2020-04-23 19:14:33.311 BaseTest:180 - load strings/strings.xml
[logsAndroid_Android INFO ] 2020-04-23 19:15:07.010 BaseTest:221 - driver initialized: io.appium.java_client.android.AndroidDriver, Capabilities: {appActivity=com.ebay.mobile.activities.MainActivity, appPackage=com.ebay.mobile, automationName=appium, chromeDriverPort=11000, databaseEnabled=false, desired={platformName=android, chromeDriverPort=11000, appActivity=com.ebay.mobile.activities.MainActivity, appPackage=com.ebay.mobile, automationName=appium, deviceName=Android, systemPort=10000}, deviceApiLevel=29, deviceManufacturer=samsung, deviceModel=SM-G973F, deviceName=RF8M33H972B, deviceScreenDensity=420, deviceScreenSize=1080x2280, deviceUDID=RF8M33H972B, javascriptEnabled=true, locationContextEnabled=false, networkConnectionEnabled=true, pixelRatio=2.625, platform=LINUX, platformName=Android, platformVersion=10, statBarHeight=112, systemPort=10000, takesScreenshot=true, viewportRect={left=0, top=112, width=1080, height=2017}, warnings={}, webStorageEnabled=false}
[logsAndroid_Android INFO ] 2020-04-23 19:15:13.896 LoginPageEbay:27 - login with sdet2021@gmail.com
[logsAndroid_Android INFO ] 2020-04-23 19:15:15.753 LoginPageEbay:39 - press login button
[logsAndroid_Android INFO ] 2020-04-23 19:15:17.997 BaseTest:135 - video path: videos\Android_Android\2020-04-23-19-14-32\LoginTestsEbay\verifyLogin.mp4
[logsAndroid_Android INFO ] 2020-04-23 19:19:00.463 BaseTest:168 - log path: logs\Android_Android
[logsAndroid_Android INFO ] 2020-04-23 19:19:00.521 BaseTest:175 - load config.properties
[logsAndroid_Android INFO ] 2020-04-23 19:19:00.522 BaseTest:180 - load strings/strings.xml
[logsAndroid_Android INFO ] 2020-04-23 19:19:28.950 BaseTest:221 - driver initialized: io.appium.java_client.android.AndroidDriver, Capabilities: {appActivity=com.ebay.mobile.activities.MainActivity, appPackage=com.ebay.mobile, automationName=appium, chromeDriverPort=11000, databaseEnabled=false, desired={platformName=android, chromeDriverPort=11000, appActivity=com.ebay.mobile.activities.MainActivity, appPackage=com.ebay.mobile, automationName=appium, deviceName=Android, systemPort=10000}, deviceApiLevel=29, deviceManufacturer=samsung, deviceModel=SM-G973F, deviceName=RF8M33H972B, deviceScreenDensity=420, deviceScreenSize=1080x2280, deviceUDID=RF8M33H972B, javascriptEnabled=true, locationContextEnabled=false, networkConnectionEnabled=true, pixelRatio=2.625, platform=LINUX, platformName=Android, platformVersion=10, statBarHeight=112, systemPort=10000, takesScreenshot=true, viewportRect={left=0, top=112, width=1080, height=2017}, warnings={}, webStorageEnabled=false}
[logsAndroid_Android INFO ] 2020-04-23 19:19:36.234 LoginPageEbay:27 - login with sdet2021@gmail.com
[logsAndroid_Android INFO ] 2020-04-23 19:19:38.565 LoginPageEbay:39 - press login button
[logsAndroid_Android ERROR] 2020-04-23 19:19:49.693 TestListener:28 - org.openqa.selenium.TimeoutException: Expected condition failed: waiting for visibility of Located by By.chained({By.id: button_classic}) (tried for 10 second(s) with 500 milliseconds interval)
	at org.openqa.selenium.support.ui.WebDriverWait.timeoutException(WebDriverWait.java:95)
	at org.openqa.selenium.support.ui.FluentWait.until(FluentWait.java:272)
	at com.qa.BaseTest.waitForVisibility(BaseTest.java:237)
	at com.qa.BaseTest.click(BaseTest.java:255)
	at com.qa.pages.HomePageEbay.clickEmailOption(HomePageEbay.java:52)
	at com.qa.tests.LoginTestsEbay.verifyLogin(LoginTestsEbay.java:68)
	at sun.reflect.NativeMethodAccessorImpl.invoke0(Native Method)
	at sun.reflect.NativeMethodAccessorImpl.invoke(NativeMethodAccessorImpl.java:62)
	at sun.reflect.DelegatingMethodAccessorImpl.invoke(DelegatingMethodAccessorImpl.java:43)
	at java.lang.reflect.Method.invoke(Method.java:498)
	at org.testng.internal.MethodInvocationHelper.invokeMethod(MethodInvocationHelper.java:124)
	at org.testng.internal.Invoker.invokeMethod(Invoker.java:583)
	at org.testng.internal.Invoker.invokeTestMethod(Invoker.java:719)
	at org.testng.internal.Invoker.invokeTestMethods(Invoker.java:989)
	at org.testng.internal.TestMethodWorker.invokeTestMethods(TestMethodWorker.java:125)
	at org.testng.internal.TestMethodWorker.run(TestMethodWorker.java:109)
	at org.testng.TestRunner.privateRun(TestRunner.java:648)
	at org.testng.TestRunner.run(TestRunner.java:505)
	at org.testng.SuiteRunner.runTest(SuiteRunner.java:455)
	at org.testng.SuiteRunner.runSequentially(SuiteRunner.java:450)
	at org.testng.SuiteRunner.privateRun(SuiteRunner.java:415)
	at org.testng.SuiteRunner.run(SuiteRunner.java:364)
	at org.testng.SuiteRunnerWorker.runSuite(SuiteRunnerWorker.java:52)
	at org.testng.SuiteRunnerWorker.run(SuiteRunnerWorker.java:84)
	at org.testng.TestNG.runSuitesSequentially(TestNG.java:1208)
	at org.testng.TestNG.runSuitesLocally(TestNG.java:1137)
	at org.testng.TestNG.runSuites(TestNG.java:1049)
	at org.testng.TestNG.run(TestNG.java:1017)
	at org.testng.remote.AbstractRemoteTestNG.run(AbstractRemoteTestNG.java:115)
	at org.testng.remote.RemoteTestNG.initAndRun(RemoteTestNG.java:251)
	at org.testng.remote.RemoteTestNG.main(RemoteTestNG.java:77)
Caused by: org.openqa.selenium.NoSuchElementException: Can't locate an element by this strategy: By.chained({By.id: button_classic})
	at io.appium.java_client.pagefactory.AppiumElementLocator.findElement(AppiumElementLocator.java:126)
	at io.appium.java_client.pagefactory.interceptors.InterceptorOfASingleElement.intercept(InterceptorOfASingleElement.java:59)
	at io.appium.java_client.android.AndroidElement$$EnhancerByCGLIB$$b598166c.isDisplayed(<generated>)
	at org.openqa.selenium.support.ui.ExpectedConditions.elementIfVisible(ExpectedConditions.java:314)
	at org.openqa.selenium.support.ui.ExpectedConditions.access$000(ExpectedConditions.java:43)
	at org.openqa.selenium.support.ui.ExpectedConditions$10.apply(ExpectedConditions.java:300)
	at org.openqa.selenium.support.ui.ExpectedConditions$10.apply(ExpectedConditions.java:297)
	at org.openqa.selenium.support.ui.FluentWait.until(FluentWait.java:249)
	... 29 more
Caused by: org.openqa.selenium.TimeoutException: Expected condition failed: waiting for io.appium.java_client.pagefactory.AppiumElementLocator$WaitingFunction@54afd745 (tried for 1 second(s) with 500 milliseconds interval)
	at org.openqa.selenium.support.ui.FluentWait.timeoutException(FluentWait.java:304)
	at org.openqa.selenium.support.ui.FluentWait.until(FluentWait.java:272)
	at io.appium.java_client.pagefactory.AppiumElementLocator.waitFor(AppiumElementLocator.java:99)
	at io.appium.java_client.pagefactory.AppiumElementLocator.findElement(AppiumElementLocator.java:119)
	... 36 more
Caused by: org.openqa.selenium.NoSuchElementException: Cannot locate an element using By.chained({By.id: button_classic})
For documentation on this error, please visit: https://www.seleniumhq.org/exceptions/no_such_element.html
Build info: version: '3.141.59', revision: 'e82be7d358', time: '2018-11-14T08:17:03'
System info: host: 'RAVI', ip: '10.0.0.29', os.name: 'Windows 10', os.arch: 'amd64', os.version: '10.0', java.version: '1.8.0_241'
Driver info: driver.version: AndroidDriver
	at io.appium.java_client.pagefactory.bys.builder.ByChained.findElement(ByChained.java:74)
	at org.openqa.selenium.remote.RemoteWebDriver.findElement(RemoteWebDriver.java:315)
	at io.appium.java_client.DefaultGenericMobileDriver.findElement(DefaultGenericMobileDriver.java:57)
	at io.appium.java_client.AppiumDriver.findElement(AppiumDriver.java:1)
	at io.appium.java_client.android.AndroidDriver.findElement(AndroidDriver.java:1)
	at io.appium.java_client.pagefactory.bys.ContentMappedBy.findElement(ContentMappedBy.java:50)
	at org.openqa.selenium.remote.RemoteWebDriver.findElement(RemoteWebDriver.java:315)
	at io.appium.java_client.DefaultGenericMobileDriver.findElement(DefaultGenericMobileDriver.java:57)
	at io.appium.java_client.AppiumDriver.findElement(AppiumDriver.java:1)
	at io.appium.java_client.android.AndroidDriver.findElement(AndroidDriver.java:1)
	at io.appium.java_client.pagefactory.AppiumElementLocator.lambda$0(AppiumElementLocator.java:120)
	at io.appium.java_client.pagefactory.AppiumElementLocator$WaitingFunction.apply(AppiumElementLocator.java:172)
	at io.appium.java_client.pagefactory.AppiumElementLocator$WaitingFunction.apply(AppiumElementLocator.java:1)
	at org.openqa.selenium.support.ui.FluentWait.until(FluentWait.java:249)
	... 38 more

[logsAndroid_Android INFO ] 2020-04-23 19:19:52.780 BaseTest:135 - video path: videos\Android_Android\2020-04-23-19-18-59\LoginTestsEbay\verifyLogin.mp4
[logsAndroid_Android INFO ] 2020-04-23 19:23:21.775 BaseTest:168 - log path: logs\Android_Android
[logsAndroid_Android INFO ] 2020-04-23 19:23:21.821 BaseTest:175 - load config.properties
[logsAndroid_Android INFO ] 2020-04-23 19:23:21.822 BaseTest:180 - load strings/strings.xml
[logsAndroid_Android INFO ] 2020-04-23 19:23:56.039 BaseTest:221 - driver initialized: io.appium.java_client.android.AndroidDriver, Capabilities: {appActivity=com.ebay.mobile.activities.MainActivity, appPackage=com.ebay.mobile, automationName=appium, chromeDriverPort=11000, databaseEnabled=false, desired={platformName=android, chromeDriverPort=11000, appActivity=com.ebay.mobile.activities.MainActivity, appPackage=com.ebay.mobile, automationName=appium, deviceName=Android, systemPort=10000}, deviceApiLevel=29, deviceManufacturer=samsung, deviceModel=SM-G973F, deviceName=RF8M33H972B, deviceScreenDensity=420, deviceScreenSize=1080x2280, deviceUDID=RF8M33H972B, javascriptEnabled=true, locationContextEnabled=false, networkConnectionEnabled=true, pixelRatio=2.625, platform=LINUX, platformName=Android, platformVersion=10, statBarHeight=112, systemPort=10000, takesScreenshot=true, viewportRect={left=0, top=112, width=1080, height=2017}, warnings={}, webStorageEnabled=false}
[logsAndroid_Android INFO ] 2020-04-23 19:24:04.028 LoginPageEbay:27 - login with sdet2021@gmail.com
[logsAndroid_Android INFO ] 2020-04-23 19:24:06.358 LoginPageEbay:39 - press login button
[logsAndroid_Android ERROR] 2020-04-23 19:24:17.778 TestListener:28 - org.openqa.selenium.TimeoutException: Expected condition failed: waiting for visibility of Located by By.chained({By.id: Maybe later}) (tried for 10 second(s) with 500 milliseconds interval)
	at org.openqa.selenium.support.ui.WebDriverWait.timeoutException(WebDriverWait.java:95)
	at org.openqa.selenium.support.ui.FluentWait.until(FluentWait.java:272)
	at com.qa.BaseTest.waitForVisibility(BaseTest.java:237)
	at com.qa.BaseTest.click(BaseTest.java:255)
	at com.qa.pages.LoginPageEbay.clikFingerLink(LoginPageEbay.java:45)
	at com.qa.tests.LoginTestsEbay.verifyLogin(LoginTestsEbay.java:68)
	at sun.reflect.NativeMethodAccessorImpl.invoke0(Native Method)
	at sun.reflect.NativeMethodAccessorImpl.invoke(NativeMethodAccessorImpl.java:62)
	at sun.reflect.DelegatingMethodAccessorImpl.invoke(DelegatingMethodAccessorImpl.java:43)
	at java.lang.reflect.Method.invoke(Method.java:498)
	at org.testng.internal.MethodInvocationHelper.invokeMethod(MethodInvocationHelper.java:124)
	at org.testng.internal.Invoker.invokeMethod(Invoker.java:583)
	at org.testng.internal.Invoker.invokeTestMethod(Invoker.java:719)
	at org.testng.internal.Invoker.invokeTestMethods(Invoker.java:989)
	at org.testng.internal.TestMethodWorker.invokeTestMethods(TestMethodWorker.java:125)
	at org.testng.internal.TestMethodWorker.run(TestMethodWorker.java:109)
	at org.testng.TestRunner.privateRun(TestRunner.java:648)
	at org.testng.TestRunner.run(TestRunner.java:505)
	at org.testng.SuiteRunner.runTest(SuiteRunner.java:455)
	at org.testng.SuiteRunner.runSequentially(SuiteRunner.java:450)
	at org.testng.SuiteRunner.privateRun(SuiteRunner.java:415)
	at org.testng.SuiteRunner.run(SuiteRunner.java:364)
	at org.testng.SuiteRunnerWorker.runSuite(SuiteRunnerWorker.java:52)
	at org.testng.SuiteRunnerWorker.run(SuiteRunnerWorker.java:84)
	at org.testng.TestNG.runSuitesSequentially(TestNG.java:1208)
	at org.testng.TestNG.runSuitesLocally(TestNG.java:1137)
	at org.testng.TestNG.runSuites(TestNG.java:1049)
	at org.testng.TestNG.run(TestNG.java:1017)
	at org.testng.remote.AbstractRemoteTestNG.run(AbstractRemoteTestNG.java:115)
	at org.testng.remote.RemoteTestNG.initAndRun(RemoteTestNG.java:251)
	at org.testng.remote.RemoteTestNG.main(RemoteTestNG.java:77)
Caused by: org.openqa.selenium.NoSuchElementException: Can't locate an element by this strategy: By.chained({By.id: Maybe later})
	at io.appium.java_client.pagefactory.AppiumElementLocator.findElement(AppiumElementLocator.java:126)
	at io.appium.java_client.pagefactory.interceptors.InterceptorOfASingleElement.intercept(InterceptorOfASingleElement.java:59)
	at io.appium.java_client.android.AndroidElement$$EnhancerByCGLIB$$b598166c.isDisplayed(<generated>)
	at org.openqa.selenium.support.ui.ExpectedConditions.elementIfVisible(ExpectedConditions.java:314)
	at org.openqa.selenium.support.ui.ExpectedConditions.access$000(ExpectedConditions.java:43)
	at org.openqa.selenium.support.ui.ExpectedConditions$10.apply(ExpectedConditions.java:300)
	at org.openqa.selenium.support.ui.ExpectedConditions$10.apply(ExpectedConditions.java:297)
	at org.openqa.selenium.support.ui.FluentWait.until(FluentWait.java:249)
	... 29 more
Caused by: org.openqa.selenium.TimeoutException: Expected condition failed: waiting for io.appium.java_client.pagefactory.AppiumElementLocator$WaitingFunction@26b894bd (tried for 1 second(s) with 500 milliseconds interval)
	at org.openqa.selenium.support.ui.FluentWait.timeoutException(FluentWait.java:304)
	at org.openqa.selenium.support.ui.FluentWait.until(FluentWait.java:272)
	at io.appium.java_client.pagefactory.AppiumElementLocator.waitFor(AppiumElementLocator.java:99)
	at io.appium.java_client.pagefactory.AppiumElementLocator.findElement(AppiumElementLocator.java:119)
	... 36 more
Caused by: org.openqa.selenium.NoSuchElementException: Cannot locate an element using By.chained({By.id: Maybe later})
For documentation on this error, please visit: https://www.seleniumhq.org/exceptions/no_such_element.html
Build info: version: '3.141.59', revision: 'e82be7d358', time: '2018-11-14T08:17:03'
System info: host: 'RAVI', ip: '10.0.0.29', os.name: 'Windows 10', os.arch: 'amd64', os.version: '10.0', java.version: '1.8.0_241'
Driver info: driver.version: AndroidDriver
	at io.appium.java_client.pagefactory.bys.builder.ByChained.findElement(ByChained.java:74)
	at org.openqa.selenium.remote.RemoteWebDriver.findElement(RemoteWebDriver.java:315)
	at io.appium.java_client.DefaultGenericMobileDriver.findElement(DefaultGenericMobileDriver.java:57)
	at io.appium.java_client.AppiumDriver.findElement(AppiumDriver.java:1)
	at io.appium.java_client.android.AndroidDriver.findElement(AndroidDriver.java:1)
	at io.appium.java_client.pagefactory.bys.ContentMappedBy.findElement(ContentMappedBy.java:50)
	at org.openqa.selenium.remote.RemoteWebDriver.findElement(RemoteWebDriver.java:315)
	at io.appium.java_client.DefaultGenericMobileDriver.findElement(DefaultGenericMobileDriver.java:57)
	at io.appium.java_client.AppiumDriver.findElement(AppiumDriver.java:1)
	at io.appium.java_client.android.AndroidDriver.findElement(AndroidDriver.java:1)
	at io.appium.java_client.pagefactory.AppiumElementLocator.lambda$0(AppiumElementLocator.java:120)
	at io.appium.java_client.pagefactory.AppiumElementLocator$WaitingFunction.apply(AppiumElementLocator.java:172)
	at io.appium.java_client.pagefactory.AppiumElementLocator$WaitingFunction.apply(AppiumElementLocator.java:1)
	at org.openqa.selenium.support.ui.FluentWait.until(FluentWait.java:249)
	... 38 more

[logsAndroid_Android INFO ] 2020-04-23 19:24:20.580 BaseTest:135 - video path: videos\Android_Android\2020-04-23-19-23-20\LoginTestsEbay\verifyLogin.mp4
[logsAndroid_Android INFO ] 2020-04-23 19:28:35.578 BaseTest:168 - log path: logs\Android_Android
[logsAndroid_Android INFO ] 2020-04-23 19:28:35.657 BaseTest:175 - load config.properties
[logsAndroid_Android INFO ] 2020-04-23 19:28:35.661 BaseTest:180 - load strings/strings.xml
[logsAndroid_Android FATAL] 2020-04-23 19:29:14.312 BaseTest:223 - driver initialization failure. ABORT!!!
org.openqa.selenium.SessionNotCreatedException: Unable to create a new remote session. Please check the server log for more details. Original error: An unknown server-side error occurred while processing the command. Original error: Error executing adbExec. Original error: 'Command 'C:\\Users\\RAVI\\AppData\\Local\\Android\\Sdk\\platform-tools\\adb.exe -P 5037 -s RF8M33H972B shell pm install -r /data/local/tmp/appium_cache/d01e2ee846cecb2e15b5735bb211cb01b6bbeab8.apk' timed out after 20000ms'. Try to increase the 20000ms adb execution timeout represented by 'uiautomator2ServerInstallTimeout' capability
Build info: version: '3.141.59', revision: 'e82be7d358', time: '2018-11-14T08:17:03'
System info: host: 'RAVI', ip: '10.0.0.29', os.name: 'Windows 10', os.arch: 'amd64', os.version: '10.0', java.version: '1.8.0_241'
Driver info: driver.version: AndroidDriver
remote stacktrace: UnknownError: An unknown server-side error occurred while processing the command. Original error: Error executing adbExec. Original error: 'Command 'C:\\Users\\RAVI\\AppData\\Local\\Android\\Sdk\\platform-tools\\adb.exe -P 5037 -s RF8M33H972B shell pm install -r /data/local/tmp/appium_cache/d01e2ee846cecb2e15b5735bb211cb01b6bbeab8.apk' timed out after 20000ms'. Try to increase the 20000ms adb execution timeout represented by 'uiautomator2ServerInstallTimeout' capability
    at getResponseForW3CError (C:\Program Files\Appium\resources\app\node_modules\appium\node_modules\appium-base-driver\lib\protocol\errors.js:804:9)
    at asyncHandler (C:\Program Files\Appium\resources\app\node_modules\appium\node_modules\appium-base-driver\lib\protocol\protocol.js:392:37)
Build info: version: '3.141.59', revision: 'e82be7d358', time: '2018-11-14T08:17:03'
System info: host: 'RAVI', ip: '10.0.0.29', os.name: 'Windows 10', os.arch: 'amd64', os.version: '10.0', java.version: '1.8.0_241'
Driver info: driver.version: AndroidDriver
[logsAndroid_Android INFO ] 2020-04-23 19:30:27.714 BaseTest:168 - log path: logs\Android_Android
[logsAndroid_Android INFO ] 2020-04-23 19:30:27.746 BaseTest:175 - load config.properties
[logsAndroid_Android INFO ] 2020-04-23 19:30:27.747 BaseTest:180 - load strings/strings.xml
[logsAndroid_Android INFO ] 2020-04-23 19:30:56.847 BaseTest:221 - driver initialized: io.appium.java_client.android.AndroidDriver, Capabilities: {appActivity=com.ebay.mobile.activities.MainActivity, appBuildVersion=, appPackage=com.ebay.mobile, appReleaseVersion=, appiumVersion=1.8.0, autoAcceptAlerts=false, autoDismissAlerts=false, autoGrantPermissions=false, autoWebview=false, automationName=appium, chromeDriverPort=11000, commandTimeouts=120000, desired={appActivity=com.ebay.mobile.activities.MainActivity, appPackage=com.ebay.mobile, automationName=appium, chromeDriverPort=11000, platformName=Android, deviceName=Android, systemPort=10000}, device.category=PHONE, device.majorVersion=10, device.manufacture=samsung, device.model=SM-G973F, device.name=SM-G973F, device.os=Android, device.screenSize=1080x2280, device.serialNumber=RF8M33H972B, device.version=10, deviceName=Android, deviceUDID=RF8M33H972B, dontGoHomeOnQuit=false, dontStopAppOnReset=false, fullReset=false, install.only.for.update=false, instrumentApp=false, javascriptEnabled=true, keystorePath=~/.android/debug.keystore, locationServicesAuthorized=false, newSessionWaitTimeout=600, noReset=false, platform=ANDROID, platformName=Android, projectName=, reportDirectory=reports, reportFormat=xml, reportUrl=C:\Users\RAVI\appiumstudio-reports\reports\test34, reservationDuration=240, systemPort=10000, takeScreenshots=true, test.type=Mobile, testName=mobile test 04/23/20 07:30 PM, udid=RF8M33H972B, useKeystore=false, waitForDeviceTimeout=120000}
[logsAndroid_Android INFO ] 2020-04-23 19:31:52.612 BaseTest:168 - log path: logs\Android_Android
[logsAndroid_Android INFO ] 2020-04-23 19:31:52.648 BaseTest:175 - load config.properties
[logsAndroid_Android INFO ] 2020-04-23 19:31:52.648 BaseTest:180 - load strings/strings.xml
[logsAndroid_Android INFO ] 2020-04-23 19:32:24.186 BaseTest:221 - driver initialized: io.appium.java_client.android.AndroidDriver, Capabilities: {appActivity=com.ebay.mobile.activities.MainActivity, appBuildVersion=, appPackage=com.ebay.mobile, appReleaseVersion=, appiumVersion=1.8.0, autoAcceptAlerts=false, autoDismissAlerts=false, autoGrantPermissions=false, autoWebview=false, automationName=appium, chromeDriverPort=11000, commandTimeouts=120000, desired={appActivity=com.ebay.mobile.activities.MainActivity, appPackage=com.ebay.mobile, automationName=appium, chromeDriverPort=11000, platformName=Android, deviceName=Android, systemPort=10000}, device.category=PHONE, device.majorVersion=10, device.manufacture=samsung, device.model=SM-G973F, device.name=SM-G973F, device.os=Android, device.screenSize=1080x2280, device.serialNumber=RF8M33H972B, device.version=10, deviceName=Android, deviceUDID=RF8M33H972B, dontGoHomeOnQuit=false, dontStopAppOnReset=false, fullReset=false, install.only.for.update=false, instrumentApp=false, javascriptEnabled=true, keystorePath=~/.android/debug.keystore, locationServicesAuthorized=false, newSessionWaitTimeout=600, noReset=false, platform=ANDROID, platformName=Android, projectName=, reportDirectory=reports, reportFormat=xml, reportUrl=C:\Users\RAVI\appiumstudio-reports\reports\test35, reservationDuration=240, systemPort=10000, takeScreenshots=true, test.type=Mobile, testName=mobile test 04/23/20 07:32 PM, udid=RF8M33H972B, useKeystore=false, waitForDeviceTimeout=120000}
[logsAndroid_Android INFO ] 2020-04-23 19:35:34.360 BaseTest:168 - log path: logs\Android_Android
[logsAndroid_Android INFO ] 2020-04-23 19:35:34.411 BaseTest:175 - load config.properties
[logsAndroid_Android INFO ] 2020-04-23 19:35:34.412 BaseTest:180 - load strings/strings.xml
[logsAndroid_Android INFO ] 2020-04-23 19:36:03.045 BaseTest:221 - driver initialized: io.appium.java_client.android.AndroidDriver, Capabilities: {appActivity=com.ebay.mobile.activities.MainActivity, appBuildVersion=, appPackage=com.ebay.mobile, appReleaseVersion=, appiumVersion=1.8.0, autoAcceptAlerts=false, autoDismissAlerts=false, autoGrantPermissions=false, autoWebview=false, automationName=appium, chromeDriverPort=11000, commandTimeouts=120000, desired={appActivity=com.ebay.mobile.activities.MainActivity, appPackage=com.ebay.mobile, automationName=appium, chromeDriverPort=11000, platformName=Android, deviceName=Android, systemPort=10000}, device.category=PHONE, device.majorVersion=10, device.manufacture=samsung, device.model=SM-G973F, device.name=SM-G973F, device.os=Android, device.screenSize=1080x2280, device.serialNumber=RF8M33H972B, device.version=10, deviceName=Android, deviceUDID=RF8M33H972B, dontGoHomeOnQuit=false, dontStopAppOnReset=false, fullReset=false, install.only.for.update=false, instrumentApp=false, javascriptEnabled=true, keystorePath=~/.android/debug.keystore, locationServicesAuthorized=false, newSessionWaitTimeout=600, noReset=false, platform=ANDROID, platformName=Android, projectName=, reportDirectory=reports, reportFormat=xml, reportUrl=C:\Users\RAVI\appiumstudio-reports\reports\test36, reservationDuration=240, systemPort=10000, takeScreenshots=true, test.type=Mobile, testName=mobile test 04/23/20 07:35 PM, udid=RF8M33H972B, useKeystore=false, waitForDeviceTimeout=120000}
[logsAndroid_Android INFO ] 2020-04-23 19:40:17.061 BaseTest:168 - log path: logs\Android_Android
[logsAndroid_Android INFO ] 2020-04-23 19:40:17.124 BaseTest:175 - load config.properties
[logsAndroid_Android INFO ] 2020-04-23 19:40:17.125 BaseTest:180 - load strings/strings.xml
[logsAndroid_Android INFO ] 2020-04-23 19:40:27.880 BaseTest:221 - driver initialized: io.appium.java_client.android.AndroidDriver, Capabilities: {appActivity=com.ebay.mobile.activities.MainActivity, appBuildVersion=, appPackage=com.ebay.mobile, appReleaseVersion=, appiumVersion=1.8.0, autoAcceptAlerts=false, autoDismissAlerts=false, autoGrantPermissions=false, autoWebview=false, automationName=appium, chromeDriverPort=11000, commandTimeouts=120000, desired={appActivity=com.ebay.mobile.activities.MainActivity, appPackage=com.ebay.mobile, automationName=appium, chromeDriverPort=11000, platformName=Android, deviceName=Android, systemPort=10000}, device.category=PHONE, device.majorVersion=10, device.manufacture=samsung, device.model=SM-G973F, device.name=SM-G973F, device.os=Android, device.screenSize=1080x2280, device.serialNumber=RF8M33H972B, device.version=10, deviceName=Android, deviceUDID=RF8M33H972B, dontGoHomeOnQuit=false, dontStopAppOnReset=false, fullReset=false, install.only.for.update=false, instrumentApp=false, javascriptEnabled=true, keystorePath=~/.android/debug.keystore, locationServicesAuthorized=false, newSessionWaitTimeout=600, noReset=false, platform=ANDROID, platformName=Android, projectName=, reportDirectory=reports, reportFormat=xml, reportUrl=C:\Users\RAVI\appiumstudio-reports\reports\test37, reservationDuration=240, systemPort=10000, takeScreenshots=true, test.type=Mobile, testName=mobile test 04/23/20 07:40 PM, udid=RF8M33H972B, useKeystore=false, waitForDeviceTimeout=120000}
[logsAndroid_Android INFO ] 2020-04-23 19:43:46.427 BaseTest:168 - log path: logs\Android_Android
[logsAndroid_Android INFO ] 2020-04-23 19:43:46.478 BaseTest:175 - load config.properties
[logsAndroid_Android INFO ] 2020-04-23 19:43:46.479 BaseTest:180 - load strings/strings.xml
[logsAndroid_Android INFO ] 2020-04-23 19:43:54.604 BaseTest:221 - driver initialized: io.appium.java_client.android.AndroidDriver, Capabilities: {appActivity=com.ebay.mobile.activities.MainActivity, appBuildVersion=, appPackage=com.ebay.mobile, appReleaseVersion=, appiumVersion=1.8.0, autoAcceptAlerts=false, autoDismissAlerts=false, autoGrantPermissions=false, autoWebview=false, automationName=appium, chromeDriverPort=11000, commandTimeouts=120000, desired={appActivity=com.ebay.mobile.activities.MainActivity, appPackage=com.ebay.mobile, automationName=appium, chromeDriverPort=11000, platformName=Android, deviceName=Android, systemPort=10000}, device.category=PHONE, device.majorVersion=10, device.manufacture=samsung, device.model=SM-G973F, device.name=SM-G973F, device.os=Android, device.screenSize=1080x2280, device.serialNumber=RF8M33H972B, device.version=10, deviceName=Android, deviceUDID=RF8M33H972B, dontGoHomeOnQuit=false, dontStopAppOnReset=false, fullReset=false, install.only.for.update=false, instrumentApp=false, javascriptEnabled=true, keystorePath=~/.android/debug.keystore, locationServicesAuthorized=false, newSessionWaitTimeout=600, noReset=false, platform=ANDROID, platformName=Android, projectName=, reportDirectory=reports, reportFormat=xml, reportUrl=C:\Users\RAVI\appiumstudio-reports\reports\test38, reservationDuration=240, systemPort=10000, takeScreenshots=true, test.type=Mobile, testName=mobile test 04/23/20 07:43 PM, udid=RF8M33H972B, useKeystore=false, waitForDeviceTimeout=120000}
[logsAndroid_Android INFO ] 2020-04-23 19:46:43.219 BaseTest:168 - log path: logs\Android_Android
[logsAndroid_Android INFO ] 2020-04-23 19:46:43.269 BaseTest:175 - load config.properties
[logsAndroid_Android INFO ] 2020-04-23 19:46:43.270 BaseTest:180 - load strings/strings.xml
[logsAndroid_Android INFO ] 2020-04-23 19:47:22.759 BaseTest:221 - driver initialized: io.appium.java_client.android.AndroidDriver, Capabilities: {appActivity=com.ebay.mobile.activities.MainActivity, appPackage=com.ebay.mobile, automationName=appium, chromeDriverPort=11000, databaseEnabled=false, desired={platformName=android, chromeDriverPort=11000, appActivity=com.ebay.mobile.activities.MainActivity, appPackage=com.ebay.mobile, automationName=appium, deviceName=Android, systemPort=10000}, deviceApiLevel=29, deviceManufacturer=samsung, deviceModel=SM-G973F, deviceName=RF8M33H972B, deviceScreenDensity=420, deviceScreenSize=1080x2280, deviceUDID=RF8M33H972B, javascriptEnabled=true, locationContextEnabled=false, networkConnectionEnabled=true, pixelRatio=2.625, platform=LINUX, platformName=Android, platformVersion=10, statBarHeight=112, systemPort=10000, takesScreenshot=true, viewportRect={left=0, top=112, width=1080, height=2017}, warnings={}, webStorageEnabled=false}
[logsAndroid_Android INFO ] 2020-04-23 19:47:29.608 LoginPageEbay:27 - login with sdet2021@gmail.com
[logsAndroid_Android INFO ] 2020-04-23 19:47:32.429 LoginPageEbay:39 - press login button
[logsAndroid_Android ERROR] 2020-04-23 19:47:48.024 TestListener:28 - org.openqa.selenium.TimeoutException: Expected condition failed: waiting for visibility of Located by By.chained({By.id: Maybe later}) (tried for 10 second(s) with 500 milliseconds interval)
	at org.openqa.selenium.support.ui.WebDriverWait.timeoutException(WebDriverWait.java:95)
	at org.openqa.selenium.support.ui.FluentWait.until(FluentWait.java:272)
	at com.qa.BaseTest.waitForVisibility(BaseTest.java:237)
	at com.qa.BaseTest.click(BaseTest.java:255)
	at com.qa.pages.LoginPageEbay.clikFingerLink(LoginPageEbay.java:46)
	at com.qa.tests.LoginTestsEbay.verifyLogin(LoginTestsEbay.java:69)
	at sun.reflect.NativeMethodAccessorImpl.invoke0(Native Method)
	at sun.reflect.NativeMethodAccessorImpl.invoke(NativeMethodAccessorImpl.java:62)
	at sun.reflect.DelegatingMethodAccessorImpl.invoke(DelegatingMethodAccessorImpl.java:43)
	at java.lang.reflect.Method.invoke(Method.java:498)
	at org.testng.internal.MethodInvocationHelper.invokeMethod(MethodInvocationHelper.java:124)
	at org.testng.internal.Invoker.invokeMethod(Invoker.java:583)
	at org.testng.internal.Invoker.invokeTestMethod(Invoker.java:719)
	at org.testng.internal.Invoker.invokeTestMethods(Invoker.java:989)
	at org.testng.internal.TestMethodWorker.invokeTestMethods(TestMethodWorker.java:125)
	at org.testng.internal.TestMethodWorker.run(TestMethodWorker.java:109)
	at org.testng.TestRunner.privateRun(TestRunner.java:648)
	at org.testng.TestRunner.run(TestRunner.java:505)
	at org.testng.SuiteRunner.runTest(SuiteRunner.java:455)
	at org.testng.SuiteRunner.runSequentially(SuiteRunner.java:450)
	at org.testng.SuiteRunner.privateRun(SuiteRunner.java:415)
	at org.testng.SuiteRunner.run(SuiteRunner.java:364)
	at org.testng.SuiteRunnerWorker.runSuite(SuiteRunnerWorker.java:52)
	at org.testng.SuiteRunnerWorker.run(SuiteRunnerWorker.java:84)
	at org.testng.TestNG.runSuitesSequentially(TestNG.java:1208)
	at org.testng.TestNG.runSuitesLocally(TestNG.java:1137)
	at org.testng.TestNG.runSuites(TestNG.java:1049)
	at org.testng.TestNG.run(TestNG.java:1017)
	at org.testng.remote.AbstractRemoteTestNG.run(AbstractRemoteTestNG.java:115)
	at org.testng.remote.RemoteTestNG.initAndRun(RemoteTestNG.java:251)
	at org.testng.remote.RemoteTestNG.main(RemoteTestNG.java:77)
Caused by: org.openqa.selenium.NoSuchElementException: Can't locate an element by this strategy: By.chained({By.id: Maybe later})
	at io.appium.java_client.pagefactory.AppiumElementLocator.findElement(AppiumElementLocator.java:126)
	at io.appium.java_client.pagefactory.interceptors.InterceptorOfASingleElement.intercept(InterceptorOfASingleElement.java:59)
	at io.appium.java_client.android.AndroidElement$$EnhancerByCGLIB$$b598166c.isDisplayed(<generated>)
	at org.openqa.selenium.support.ui.ExpectedConditions.elementIfVisible(ExpectedConditions.java:314)
	at org.openqa.selenium.support.ui.ExpectedConditions.access$000(ExpectedConditions.java:43)
	at org.openqa.selenium.support.ui.ExpectedConditions$10.apply(ExpectedConditions.java:300)
	at org.openqa.selenium.support.ui.ExpectedConditions$10.apply(ExpectedConditions.java:297)
	at org.openqa.selenium.support.ui.FluentWait.until(FluentWait.java:249)
	... 29 more
Caused by: org.openqa.selenium.TimeoutException: Expected condition failed: waiting for io.appium.java_client.pagefactory.AppiumElementLocator$WaitingFunction@41200e0c (tried for 1 second(s) with 500 milliseconds interval)
	at org.openqa.selenium.support.ui.FluentWait.timeoutException(FluentWait.java:304)
	at org.openqa.selenium.support.ui.FluentWait.until(FluentWait.java:272)
	at io.appium.java_client.pagefactory.AppiumElementLocator.waitFor(AppiumElementLocator.java:99)
	at io.appium.java_client.pagefactory.AppiumElementLocator.findElement(AppiumElementLocator.java:119)
	... 36 more
Caused by: org.openqa.selenium.NoSuchElementException: Cannot locate an element using By.chained({By.id: Maybe later})
For documentation on this error, please visit: https://www.seleniumhq.org/exceptions/no_such_element.html
Build info: version: '3.141.59', revision: 'e82be7d358', time: '2018-11-14T08:17:03'
System info: host: 'RAVI', ip: '10.0.0.29', os.name: 'Windows 10', os.arch: 'amd64', os.version: '10.0', java.version: '1.8.0_241'
Driver info: driver.version: AndroidDriver
	at io.appium.java_client.pagefactory.bys.builder.ByChained.findElement(ByChained.java:74)
	at org.openqa.selenium.remote.RemoteWebDriver.findElement(RemoteWebDriver.java:315)
	at io.appium.java_client.DefaultGenericMobileDriver.findElement(DefaultGenericMobileDriver.java:57)
	at io.appium.java_client.AppiumDriver.findElement(AppiumDriver.java:1)
	at io.appium.java_client.android.AndroidDriver.findElement(AndroidDriver.java:1)
	at io.appium.java_client.pagefactory.bys.ContentMappedBy.findElement(ContentMappedBy.java:50)
	at org.openqa.selenium.remote.RemoteWebDriver.findElement(RemoteWebDriver.java:315)
	at io.appium.java_client.DefaultGenericMobileDriver.findElement(DefaultGenericMobileDriver.java:57)
	at io.appium.java_client.AppiumDriver.findElement(AppiumDriver.java:1)
	at io.appium.java_client.android.AndroidDriver.findElement(AndroidDriver.java:1)
	at io.appium.java_client.pagefactory.AppiumElementLocator.lambda$0(AppiumElementLocator.java:120)
	at io.appium.java_client.pagefactory.AppiumElementLocator$WaitingFunction.apply(AppiumElementLocator.java:172)
	at io.appium.java_client.pagefactory.AppiumElementLocator$WaitingFunction.apply(AppiumElementLocator.java:1)
	at org.openqa.selenium.support.ui.FluentWait.until(FluentWait.java:249)
	... 38 more

[logsAndroid_Android INFO ] 2020-04-23 19:47:51.095 BaseTest:135 - video path: videos\Android_Android\2020-04-23-19-46-42\LoginTestsEbay\verifyLogin.mp4
[logsAndroid_Android INFO ] 2020-04-23 19:54:09.908 BaseTest:168 - log path: logs\Android_Android
[logsAndroid_Android INFO ] 2020-04-23 19:54:09.941 BaseTest:175 - load config.properties
[logsAndroid_Android INFO ] 2020-04-23 19:54:09.942 BaseTest:180 - load strings/strings.xml
[logsAndroid_Android FATAL] 2020-04-23 19:54:47.779 BaseTest:223 - driver initialization failure. ABORT!!!
org.openqa.selenium.SessionNotCreatedException: Unable to create a new remote session. Please check the server log for more details. Original error: An unknown server-side error occurred while processing the command. Original error: Error getting device API level. Original error: The actual output 'adb server version (41) doesn't match this client (36); killing...
* daemon started successfully *
adb server version (41) doesn't match this client (36); killing...
* daemon started successfully *
29' cannot be converted to an integer
Build info: version: '3.141.59', revision: 'e82be7d358', time: '2018-11-14T08:17:03'
System info: host: 'RAVI', ip: '10.0.0.29', os.name: 'Windows 10', os.arch: 'amd64', os.version: '10.0', java.version: '1.8.0_241'
Driver info: driver.version: AndroidDriver
remote stacktrace: UnknownError: An unknown server-side error occurred while processing the command. Original error: Error getting device API level. Original error: The actual output 'adb server version (41) doesn't match this client (36); killing...
* daemon started successfully *
adb server version (41) doesn't match this client (36); killing...
* daemon started successfully *
29' cannot be converted to an integer
    at getResponseForW3CError (C:\Program Files\Appium\resources\app\node_modules\appium\node_modules\appium-base-driver\lib\protocol\errors.js:804:9)
    at asyncHandler (C:\Program Files\Appium\resources\app\node_modules\appium\node_modules\appium-base-driver\lib\protocol\protocol.js:392:37)
Build info: version: '3.141.59', revision: 'e82be7d358', time: '2018-11-14T08:17:03'
System info: host: 'RAVI', ip: '10.0.0.29', os.name: 'Windows 10', os.arch: 'amd64', os.version: '10.0', java.version: '1.8.0_241'
Driver info: driver.version: AndroidDriver
[logsAndroid_Android INFO ] 2020-04-23 19:55:12.887 BaseTest:168 - log path: logs\Android_Android
[logsAndroid_Android INFO ] 2020-04-23 19:55:12.947 BaseTest:175 - load config.properties
[logsAndroid_Android INFO ] 2020-04-23 19:55:12.951 BaseTest:180 - load strings/strings.xml
[logsAndroid_Android FATAL] 2020-04-23 19:56:13.659 BaseTest:223 - driver initialization failure. ABORT!!!
org.openqa.selenium.SessionNotCreatedException: Unable to create a new remote session. Original error: unexpected end of stream on Connection{127.0.0.1:5555, proxy=DIRECT hostAddress=/127.0.0.1:5555 cipherSuite=none protocol=http/1.1}
Build info: version: '3.141.59', revision: 'e82be7d358', time: '2018-11-14T08:17:03'
System info: host: 'RAVI', ip: '10.0.0.29', os.name: 'Windows 10', os.arch: 'amd64', os.version: '10.0', java.version: '1.8.0_241'
Driver info: driver.version: AndroidDriver
[logsAndroid_Android INFO ] 2020-04-23 19:56:49.927 BaseTest:168 - log path: logs\Android_Android
[logsAndroid_Android INFO ] 2020-04-23 19:56:49.985 BaseTest:175 - load config.properties
[logsAndroid_Android INFO ] 2020-04-23 19:56:49.987 BaseTest:180 - load strings/strings.xml
[logsAndroid_Android INFO ] 2020-04-23 19:57:17.507 BaseTest:221 - driver initialized: io.appium.java_client.android.AndroidDriver, Capabilities: {appActivity=com.ebay.mobile.activities.MainActivity, appBuildVersion=, appPackage=com.ebay.mobile, appReleaseVersion=, appiumVersion=1.8.0, autoAcceptAlerts=false, autoDismissAlerts=false, autoGrantPermissions=false, autoWebview=false, automationName=appium, chromeDriverPort=11000, commandTimeouts=120000, desired={appActivity=com.ebay.mobile.activities.MainActivity, appPackage=com.ebay.mobile, automationName=appium, chromeDriverPort=11000, platformName=Android, deviceName=Android, systemPort=10000}, device.category=PHONE, device.majorVersion=10, device.manufacture=samsung, device.model=SM-G973F, device.name=SM-G973F, device.os=Android, device.screenSize=1080x2280, device.serialNumber=RF8M33H972B, device.version=10, deviceName=Android, deviceUDID=RF8M33H972B, dontGoHomeOnQuit=false, dontStopAppOnReset=false, fullReset=false, install.only.for.update=false, instrumentApp=false, javascriptEnabled=true, keystorePath=~/.android/debug.keystore, locationServicesAuthorized=false, newSessionWaitTimeout=600, noReset=false, platform=ANDROID, platformName=Android, projectName=, reportDirectory=reports, reportFormat=xml, reportUrl=C:\Users\RAVI\appiumstudio-reports\reports\test39, reservationDuration=240, systemPort=10000, takeScreenshots=true, test.type=Mobile, testName=mobile test 04/23/20 07:57 PM, udid=RF8M33H972B, useKeystore=false, waitForDeviceTimeout=120000}
[logsAndroid_Android INFO ] 2020-04-23 19:58:46.065 BaseTest:168 - log path: logs\Android_Android
[logsAndroid_Android INFO ] 2020-04-23 19:58:46.111 BaseTest:175 - load config.properties
[logsAndroid_Android INFO ] 2020-04-23 19:58:46.114 BaseTest:180 - load strings/strings.xml
[logsAndroid_Android INFO ] 2020-04-23 19:58:56.700 BaseTest:221 - driver initialized: io.appium.java_client.android.AndroidDriver, Capabilities: {appActivity=com.ebay.mobile.activities.MainActivity, appBuildVersion=, appPackage=com.ebay.mobile, appReleaseVersion=, appiumVersion=1.8.0, autoAcceptAlerts=false, autoDismissAlerts=false, autoGrantPermissions=false, autoWebview=false, automationName=appium, chromeDriverPort=11000, commandTimeouts=120000, desired={appActivity=com.ebay.mobile.activities.MainActivity, appPackage=com.ebay.mobile, automationName=appium, chromeDriverPort=11000, platformName=Android, deviceName=Android, systemPort=10000}, device.category=PHONE, device.majorVersion=10, device.manufacture=samsung, device.model=SM-G973F, device.name=SM-G973F, device.os=Android, device.screenSize=1080x2280, device.serialNumber=RF8M33H972B, device.version=10, deviceName=Android, deviceUDID=RF8M33H972B, dontGoHomeOnQuit=false, dontStopAppOnReset=false, fullReset=false, install.only.for.update=false, instrumentApp=false, javascriptEnabled=true, keystorePath=~/.android/debug.keystore, locationServicesAuthorized=false, newSessionWaitTimeout=600, noReset=false, platform=ANDROID, platformName=Android, projectName=, reportDirectory=reports, reportFormat=xml, reportUrl=C:\Users\RAVI\appiumstudio-reports\reports\test40, reservationDuration=240, systemPort=10000, takeScreenshots=true, test.type=Mobile, testName=mobile test 04/23/20 07:58 PM, udid=RF8M33H972B, useKeystore=false, waitForDeviceTimeout=120000}
[logsAndroid_Android INFO ] 2020-04-23 20:00:08.033 BaseTest:168 - log path: logs\Android_Android
[logsAndroid_Android INFO ] 2020-04-23 20:00:08.077 BaseTest:175 - load config.properties
[logsAndroid_Android INFO ] 2020-04-23 20:00:08.078 BaseTest:180 - load strings/strings.xml
[logsAndroid_Android INFO ] 2020-04-23 20:00:46.587 BaseTest:221 - driver initialized: io.appium.java_client.android.AndroidDriver, Capabilities: {appActivity=com.ebay.mobile.activities.MainActivity, appPackage=com.ebay.mobile, automationName=appium, chromeDriverPort=11000, databaseEnabled=false, desired={platformName=android, chromeDriverPort=11000, appActivity=com.ebay.mobile.activities.MainActivity, appPackage=com.ebay.mobile, automationName=appium, deviceName=Android, systemPort=10000}, deviceApiLevel=29, deviceManufacturer=samsung, deviceModel=SM-G973F, deviceName=RF8M33H972B, deviceScreenDensity=420, deviceScreenSize=1080x2280, deviceUDID=RF8M33H972B, javascriptEnabled=true, locationContextEnabled=false, networkConnectionEnabled=true, pixelRatio=2.625, platform=LINUX, platformName=Android, platformVersion=10, statBarHeight=112, systemPort=10000, takesScreenshot=true, viewportRect={left=0, top=112, width=1080, height=2017}, warnings={}, webStorageEnabled=false}
[logsAndroid_Android INFO ] 2020-04-23 20:00:53.209 LoginPageEbay:27 - login with sdet2021@gmail.com
[logsAndroid_Android INFO ] 2020-04-23 20:00:56.256 LoginPageEbay:39 - press login button
[logsAndroid_Android INFO ] 2020-04-23 20:01:03.579 BaseTest:135 - video path: videos\Android_Android\2020-04-23-20-00-07\LoginTestsEbay\verifyLogin.mp4
[logsAndroid_Android INFO ] 2020-04-23 22:20:10.103 BaseTest:168 - log path: logs\Android_Android
[logsAndroid_Android INFO ] 2020-04-23 22:20:10.150 BaseTest:175 - load config.properties
[logsAndroid_Android INFO ] 2020-04-23 22:20:10.151 BaseTest:180 - load strings/strings.xml
[logsAndroid_Android INFO ] 2020-04-23 22:20:47.974 BaseTest:221 - driver initialized: io.appium.java_client.android.AndroidDriver, Capabilities: {appActivity=com.ebay.mobile.activities.MainActivity, appPackage=com.ebay.mobile, automationName=appium, chromeDriverPort=11000, databaseEnabled=false, desired={platformName=android, chromeDriverPort=11000, appActivity=com.ebay.mobile.activities.MainActivity, appPackage=com.ebay.mobile, automationName=appium, deviceName=Android, systemPort=10000}, deviceApiLevel=29, deviceManufacturer=samsung, deviceModel=SM-G973F, deviceName=RF8M33H972B, deviceScreenDensity=420, deviceScreenSize=1080x2280, deviceUDID=RF8M33H972B, javascriptEnabled=true, locationContextEnabled=false, networkConnectionEnabled=true, pixelRatio=2.625, platform=LINUX, platformName=Android, platformVersion=10, statBarHeight=112, systemPort=10000, takesScreenshot=true, viewportRect={left=0, top=112, width=1080, height=2017}, warnings={}, webStorageEnabled=false}
[logsAndroid_Android ERROR] 2020-04-23 22:20:51.102 TestListener:28 - java.lang.NullPointerException
	at com.qa.tests.LoginTests.verifyLogin(LoginTests.java:61)
	at sun.reflect.NativeMethodAccessorImpl.invoke0(Native Method)
	at sun.reflect.NativeMethodAccessorImpl.invoke(NativeMethodAccessorImpl.java:62)
	at sun.reflect.DelegatingMethodAccessorImpl.invoke(DelegatingMethodAccessorImpl.java:43)
	at java.lang.reflect.Method.invoke(Method.java:498)
	at org.testng.internal.MethodInvocationHelper.invokeMethod(MethodInvocationHelper.java:124)
	at org.testng.internal.Invoker.invokeMethod(Invoker.java:583)
	at org.testng.internal.Invoker.invokeTestMethod(Invoker.java:719)
	at org.testng.internal.Invoker.invokeTestMethods(Invoker.java:989)
	at org.testng.internal.TestMethodWorker.invokeTestMethods(TestMethodWorker.java:125)
	at org.testng.internal.TestMethodWorker.run(TestMethodWorker.java:109)
	at org.testng.TestRunner.privateRun(TestRunner.java:648)
	at org.testng.TestRunner.run(TestRunner.java:505)
	at org.testng.SuiteRunner.runTest(SuiteRunner.java:455)
	at org.testng.SuiteRunner.runSequentially(SuiteRunner.java:450)
	at org.testng.SuiteRunner.privateRun(SuiteRunner.java:415)
	at org.testng.SuiteRunner.run(SuiteRunner.java:364)
	at org.testng.SuiteRunnerWorker.runSuite(SuiteRunnerWorker.java:52)
	at org.testng.SuiteRunnerWorker.run(SuiteRunnerWorker.java:84)
	at org.testng.TestNG.runSuitesSequentially(TestNG.java:1208)
	at org.testng.TestNG.runSuitesLocally(TestNG.java:1137)
	at org.testng.TestNG.runSuites(TestNG.java:1049)
	at org.testng.TestNG.run(TestNG.java:1017)
	at org.testng.remote.AbstractRemoteTestNG.run(AbstractRemoteTestNG.java:115)
	at org.testng.remote.RemoteTestNG.initAndRun(RemoteTestNG.java:251)
	at org.testng.remote.RemoteTestNG.main(RemoteTestNG.java:77)

[logsAndroid_Android INFO ] 2020-04-23 22:21:02.473 BaseTest:135 - video path: videos\Android_Android\2020-04-23-22-20-09\LoginTests\verifyLogin.mp4
[logsAndroid_Android INFO ] 2020-04-23 22:37:00.528 BaseTest:168 - log path: logs\Android_Android
[logsAndroid_Android INFO ] 2020-04-23 22:37:00.580 BaseTest:175 - load config.properties
[logsAndroid_Android INFO ] 2020-04-23 22:37:00.582 BaseTest:180 - load strings/strings.xml
[logsAndroid_Android INFO ] 2020-04-23 22:37:31.925 BaseTest:221 - driver initialized: io.appium.java_client.android.AndroidDriver, Capabilities: {appActivity=com.ebay.mobile.activities.MainActivity, appPackage=com.ebay.mobile, automationName=appium, chromeDriverPort=11000, databaseEnabled=false, desired={platformName=android, chromeDriverPort=11000, appActivity=com.ebay.mobile.activities.MainActivity, appPackage=com.ebay.mobile, automationName=appium, deviceName=Android, systemPort=10000}, deviceApiLevel=29, deviceManufacturer=samsung, deviceModel=SM-G973F, deviceName=RF8M33H972B, deviceScreenDensity=420, deviceScreenSize=1080x2280, deviceUDID=RF8M33H972B, javascriptEnabled=true, locationContextEnabled=false, networkConnectionEnabled=true, pixelRatio=2.625, platform=LINUX, platformName=Android, platformVersion=10, statBarHeight=112, systemPort=10000, takesScreenshot=true, viewportRect={left=0, top=112, width=1080, height=2017}, warnings={}, webStorageEnabled=false}
[logsAndroid_Android ERROR] 2020-04-23 22:37:34.910 TestListener:28 - java.lang.NullPointerException
	at com.qa.tests.LoginTests.verifyLogin(LoginTests.java:62)
	at sun.reflect.NativeMethodAccessorImpl.invoke0(Native Method)
	at sun.reflect.NativeMethodAccessorImpl.invoke(NativeMethodAccessorImpl.java:62)
	at sun.reflect.DelegatingMethodAccessorImpl.invoke(DelegatingMethodAccessorImpl.java:43)
	at java.lang.reflect.Method.invoke(Method.java:498)
	at org.testng.internal.MethodInvocationHelper.invokeMethod(MethodInvocationHelper.java:124)
	at org.testng.internal.Invoker.invokeMethod(Invoker.java:583)
	at org.testng.internal.Invoker.invokeTestMethod(Invoker.java:719)
	at org.testng.internal.Invoker.invokeTestMethods(Invoker.java:989)
	at org.testng.internal.TestMethodWorker.invokeTestMethods(TestMethodWorker.java:125)
	at org.testng.internal.TestMethodWorker.run(TestMethodWorker.java:109)
	at org.testng.TestRunner.privateRun(TestRunner.java:648)
	at org.testng.TestRunner.run(TestRunner.java:505)
	at org.testng.SuiteRunner.runTest(SuiteRunner.java:455)
	at org.testng.SuiteRunner.runSequentially(SuiteRunner.java:450)
	at org.testng.SuiteRunner.privateRun(SuiteRunner.java:415)
	at org.testng.SuiteRunner.run(SuiteRunner.java:364)
	at org.testng.SuiteRunnerWorker.runSuite(SuiteRunnerWorker.java:52)
	at org.testng.SuiteRunnerWorker.run(SuiteRunnerWorker.java:84)
	at org.testng.TestNG.runSuitesSequentially(TestNG.java:1208)
	at org.testng.TestNG.runSuitesLocally(TestNG.java:1137)
	at org.testng.TestNG.runSuites(TestNG.java:1049)
	at org.testng.TestNG.run(TestNG.java:1017)
	at org.testng.remote.AbstractRemoteTestNG.run(AbstractRemoteTestNG.java:115)
	at org.testng.remote.RemoteTestNG.initAndRun(RemoteTestNG.java:251)
	at org.testng.remote.RemoteTestNG.main(RemoteTestNG.java:77)

[logsAndroid_Android INFO ] 2020-04-23 22:37:37.162 BaseTest:135 - video path: videos\Android_Android\2020-04-23-22-36-59\LoginTests\verifyLogin.mp4
[logsAndroid_Android INFO ] 2020-04-23 22:41:56.803 BaseTest:168 - log path: logs\Android_Android
[logsAndroid_Android INFO ] 2020-04-23 22:41:56.849 BaseTest:175 - load config.properties
[logsAndroid_Android INFO ] 2020-04-23 22:41:56.850 BaseTest:180 - load strings/strings.xml
[logsAndroid_Android INFO ] 2020-04-23 22:42:24.824 BaseTest:221 - driver initialized: io.appium.java_client.android.AndroidDriver, Capabilities: {appActivity=com.ebay.mobile.activities.MainActivity, appPackage=com.ebay.mobile, automationName=appium, chromeDriverPort=11000, databaseEnabled=false, desired={platformName=android, chromeDriverPort=11000, appActivity=com.ebay.mobile.activities.MainActivity, appPackage=com.ebay.mobile, automationName=appium, deviceName=Android, systemPort=10000}, deviceApiLevel=29, deviceManufacturer=samsung, deviceModel=SM-G973F, deviceName=RF8M33H972B, deviceScreenDensity=420, deviceScreenSize=1080x2280, deviceUDID=RF8M33H972B, javascriptEnabled=true, locationContextEnabled=false, networkConnectionEnabled=true, pixelRatio=2.625, platform=LINUX, platformName=Android, platformVersion=10, statBarHeight=112, systemPort=10000, takesScreenshot=true, viewportRect={left=0, top=112, width=1080, height=2017}, warnings={}, webStorageEnabled=false}
[logsAndroid_Android ERROR] 2020-04-23 22:42:27.595 TestListener:28 - java.lang.NullPointerException
	at com.qa.tests.LoginTests.verifyLogin(LoginTests.java:60)
	at sun.reflect.NativeMethodAccessorImpl.invoke0(Native Method)
	at sun.reflect.NativeMethodAccessorImpl.invoke(NativeMethodAccessorImpl.java:62)
	at sun.reflect.DelegatingMethodAccessorImpl.invoke(DelegatingMethodAccessorImpl.java:43)
	at java.lang.reflect.Method.invoke(Method.java:498)
	at org.testng.internal.MethodInvocationHelper.invokeMethod(MethodInvocationHelper.java:124)
	at org.testng.internal.Invoker.invokeMethod(Invoker.java:583)
	at org.testng.internal.Invoker.invokeTestMethod(Invoker.java:719)
	at org.testng.internal.Invoker.invokeTestMethods(Invoker.java:989)
	at org.testng.internal.TestMethodWorker.invokeTestMethods(TestMethodWorker.java:125)
	at org.testng.internal.TestMethodWorker.run(TestMethodWorker.java:109)
	at org.testng.TestRunner.privateRun(TestRunner.java:648)
	at org.testng.TestRunner.run(TestRunner.java:505)
	at org.testng.SuiteRunner.runTest(SuiteRunner.java:455)
	at org.testng.SuiteRunner.runSequentially(SuiteRunner.java:450)
	at org.testng.SuiteRunner.privateRun(SuiteRunner.java:415)
	at org.testng.SuiteRunner.run(SuiteRunner.java:364)
	at org.testng.SuiteRunnerWorker.runSuite(SuiteRunnerWorker.java:52)
	at org.testng.SuiteRunnerWorker.run(SuiteRunnerWorker.java:84)
	at org.testng.TestNG.runSuitesSequentially(TestNG.java:1208)
	at org.testng.TestNG.runSuitesLocally(TestNG.java:1137)
	at org.testng.TestNG.runSuites(TestNG.java:1049)
	at org.testng.TestNG.run(TestNG.java:1017)
	at org.testng.remote.AbstractRemoteTestNG.run(AbstractRemoteTestNG.java:115)
	at org.testng.remote.RemoteTestNG.initAndRun(RemoteTestNG.java:251)
	at org.testng.remote.RemoteTestNG.main(RemoteTestNG.java:77)

[logsAndroid_Android INFO ] 2020-04-23 22:42:28.872 BaseTest:135 - video path: videos\Android_Android\2020-04-23-22-41-55\LoginTests\verifyLogin.mp4
[logsAndroid_Android INFO ] 2020-04-23 22:44:07.205 BaseTest:168 - log path: logs\Android_Android
[logsAndroid_Android INFO ] 2020-04-23 22:44:07.237 BaseTest:175 - load config.properties
[logsAndroid_Android INFO ] 2020-04-23 22:44:07.238 BaseTest:180 - load strings/strings.xml
[logsAndroid_Android INFO ] 2020-04-23 22:44:40.944 BaseTest:221 - driver initialized: io.appium.java_client.android.AndroidDriver, Capabilities: {appActivity=com.ebay.mobile.activities.MainActivity, appPackage=com.ebay.mobile, automationName=appium, chromeDriverPort=11000, databaseEnabled=false, desired={platformName=android, chromeDriverPort=11000, appActivity=com.ebay.mobile.activities.MainActivity, appPackage=com.ebay.mobile, automationName=appium, deviceName=Android, systemPort=10000}, deviceApiLevel=29, deviceManufacturer=samsung, deviceModel=SM-G973F, deviceName=RF8M33H972B, deviceScreenDensity=420, deviceScreenSize=1080x2280, deviceUDID=RF8M33H972B, javascriptEnabled=true, locationContextEnabled=false, networkConnectionEnabled=true, pixelRatio=2.625, platform=LINUX, platformName=Android, platformVersion=10, statBarHeight=112, systemPort=10000, takesScreenshot=true, viewportRect={left=0, top=112, width=1080, height=2017}, warnings={}, webStorageEnabled=false}
[logsAndroid_Android ERROR] 2020-04-23 22:44:44.329 TestListener:28 - java.lang.NullPointerException
	at com.qa.tests.LoginTests.verifyLogin(LoginTests.java:63)
	at sun.reflect.NativeMethodAccessorImpl.invoke0(Native Method)
	at sun.reflect.NativeMethodAccessorImpl.invoke(NativeMethodAccessorImpl.java:62)
	at sun.reflect.DelegatingMethodAccessorImpl.invoke(DelegatingMethodAccessorImpl.java:43)
	at java.lang.reflect.Method.invoke(Method.java:498)
	at org.testng.internal.MethodInvocationHelper.invokeMethod(MethodInvocationHelper.java:124)
	at org.testng.internal.Invoker.invokeMethod(Invoker.java:583)
	at org.testng.internal.Invoker.invokeTestMethod(Invoker.java:719)
	at org.testng.internal.Invoker.invokeTestMethods(Invoker.java:989)
	at org.testng.internal.TestMethodWorker.invokeTestMethods(TestMethodWorker.java:125)
	at org.testng.internal.TestMethodWorker.run(TestMethodWorker.java:109)
	at org.testng.TestRunner.privateRun(TestRunner.java:648)
	at org.testng.TestRunner.run(TestRunner.java:505)
	at org.testng.SuiteRunner.runTest(SuiteRunner.java:455)
	at org.testng.SuiteRunner.runSequentially(SuiteRunner.java:450)
	at org.testng.SuiteRunner.privateRun(SuiteRunner.java:415)
	at org.testng.SuiteRunner.run(SuiteRunner.java:364)
	at org.testng.SuiteRunnerWorker.runSuite(SuiteRunnerWorker.java:52)
	at org.testng.SuiteRunnerWorker.run(SuiteRunnerWorker.java:84)
	at org.testng.TestNG.runSuitesSequentially(TestNG.java:1208)
	at org.testng.TestNG.runSuitesLocally(TestNG.java:1137)
	at org.testng.TestNG.runSuites(TestNG.java:1049)
	at org.testng.TestNG.run(TestNG.java:1017)
	at org.testng.remote.AbstractRemoteTestNG.run(AbstractRemoteTestNG.java:115)
	at org.testng.remote.RemoteTestNG.initAndRun(RemoteTestNG.java:251)
	at org.testng.remote.RemoteTestNG.main(RemoteTestNG.java:77)

[logsAndroid_Android INFO ] 2020-04-23 22:44:45.794 BaseTest:135 - video path: videos\Android_Android\2020-04-23-22-44-06\LoginTests\verifyLogin.mp4
[logsAndroid_Android INFO ] 2020-04-23 22:48:43.101 BaseTest:168 - log path: logs\Android_Android
[logsAndroid_Android INFO ] 2020-04-23 22:48:43.145 BaseTest:175 - load config.properties
[logsAndroid_Android INFO ] 2020-04-23 22:48:43.146 BaseTest:180 - load strings/strings.xml
[logsAndroid_Android INFO ] 2020-04-23 22:49:12.641 BaseTest:221 - driver initialized: io.appium.java_client.android.AndroidDriver, Capabilities: {appActivity=com.ebay.mobile.activities.MainActivity, appPackage=com.ebay.mobile, automationName=appium, chromeDriverPort=11000, databaseEnabled=false, desired={platformName=android, chromeDriverPort=11000, appActivity=com.ebay.mobile.activities.MainActivity, appPackage=com.ebay.mobile, automationName=appium, deviceName=Android, systemPort=10000}, deviceApiLevel=29, deviceManufacturer=samsung, deviceModel=SM-G973F, deviceName=RF8M33H972B, deviceScreenDensity=420, deviceScreenSize=1080x2280, deviceUDID=RF8M33H972B, javascriptEnabled=true, locationContextEnabled=false, networkConnectionEnabled=true, pixelRatio=2.625, platform=LINUX, platformName=Android, platformVersion=10, statBarHeight=112, systemPort=10000, takesScreenshot=true, viewportRect={left=0, top=112, width=1080, height=2017}, warnings={}, webStorageEnabled=false}
[logsAndroid_Android INFO ] 2020-04-23 22:49:19.380 LoginPage:28 - login with sdet2021@gmail.com
[logsAndroid_Android INFO ] 2020-04-23 22:49:22.221 LoginPage:44 - press login button
[logsAndroid_Android INFO ] 2020-04-23 22:49:30.099 BaseTest:135 - video path: videos\Android_Android\2020-04-23-22-48-42\LoginTests\verifyLogin.mp4
[logsAndroid_Android INFO ] 2020-04-23 22:50:42.523 BaseTest:168 - log path: logs\Android_Android
[logsAndroid_Android INFO ] 2020-04-23 22:50:42.568 BaseTest:175 - load config.properties
[logsAndroid_Android INFO ] 2020-04-23 22:50:42.569 BaseTest:180 - load strings/strings.xml
[logsAndroid_Android INFO ] 2020-04-23 22:51:16.155 BaseTest:221 - driver initialized: io.appium.java_client.android.AndroidDriver, Capabilities: {appActivity=com.ebay.mobile.activities.MainActivity, appPackage=com.ebay.mobile, automationName=appium, chromeDriverPort=11000, databaseEnabled=false, desired={platformName=android, chromeDriverPort=11000, appActivity=com.ebay.mobile.activities.MainActivity, appPackage=com.ebay.mobile, automationName=appium, deviceName=Android, systemPort=10000}, deviceApiLevel=29, deviceManufacturer=samsung, deviceModel=SM-G973F, deviceName=RF8M33H972B, deviceScreenDensity=420, deviceScreenSize=1080x2280, deviceUDID=RF8M33H972B, javascriptEnabled=true, locationContextEnabled=false, networkConnectionEnabled=true, pixelRatio=2.625, platform=LINUX, platformName=Android, platformVersion=10, statBarHeight=112, systemPort=10000, takesScreenshot=true, viewportRect={left=0, top=112, width=1080, height=2017}, warnings={}, webStorageEnabled=false}
[logsAndroid_Android INFO ] 2020-04-23 22:51:23.148 LoginPage:28 - login with sdet2021@gmail.com
[logsAndroid_Android INFO ] 2020-04-23 22:51:25.974 LoginPage:44 - press login button
[logsAndroid_Android INFO ] 2020-04-23 22:51:31.400 BaseTest:135 - video path: videos\Android_Android\2020-04-23-22-50-41\LoginTests\verifyLogin.mp4
[logsAndroid_Android INFO ] 2020-04-23 23:13:18.328 BaseTest:168 - log path: logs\Android_Android
[logsAndroid_Android INFO ] 2020-04-23 23:13:18.379 BaseTest:175 - load config.properties
[logsAndroid_Android INFO ] 2020-04-23 23:13:18.381 BaseTest:180 - load strings/strings.xml
[logsAndroid_Android INFO ] 2020-04-23 23:13:49.074 BaseTest:221 - driver initialized: io.appium.java_client.android.AndroidDriver, Capabilities: {appActivity=com.ebay.mobile.activities.MainActivity, appPackage=com.ebay.mobile, automationName=appium, chromeDriverPort=11000, databaseEnabled=false, desired={platformName=android, chromeDriverPort=11000, appActivity=com.ebay.mobile.activities.MainActivity, appPackage=com.ebay.mobile, automationName=appium, deviceName=Android, systemPort=10000}, deviceApiLevel=29, deviceManufacturer=samsung, deviceModel=SM-G973F, deviceName=RF8M33H972B, deviceScreenDensity=420, deviceScreenSize=1080x2280, deviceUDID=RF8M33H972B, javascriptEnabled=true, locationContextEnabled=false, networkConnectionEnabled=true, pixelRatio=2.625, platform=LINUX, platformName=Android, platformVersion=10, statBarHeight=112, systemPort=10000, takesScreenshot=true, viewportRect={left=0, top=112, width=1080, height=2017}, warnings={}, webStorageEnabled=false}
[logsAndroid_Android INFO ] 2020-04-23 23:13:55.953 LoginPage:28 - login with sdet2021@gmail.com
[logsAndroid_Android INFO ] 2020-04-23 23:13:58.278 LoginPage:44 - Clicking on login button
[logsAndroid_Android ERROR] 2020-04-23 23:14:13.936 TestListener:28 - org.openqa.selenium.TimeoutException: Expected condition failed: waiting for visibility of Located by By.chained({By.xpath: //*[@id='logo']}) (tried for 10 second(s) with 500 milliseconds interval)
	at org.openqa.selenium.support.ui.WebDriverWait.timeoutException(WebDriverWait.java:95)
	at org.openqa.selenium.support.ui.FluentWait.until(FluentWait.java:272)
	at com.qa.BaseTest.waitForVisibility(BaseTest.java:237)
	at com.qa.pages.HomePage.verifyeBayLogo(HomePage.java:76)
	at com.qa.tests.LoginTests.verifyLogin(LoginTests.java:64)
	at sun.reflect.NativeMethodAccessorImpl.invoke0(Native Method)
	at sun.reflect.NativeMethodAccessorImpl.invoke(NativeMethodAccessorImpl.java:62)
	at sun.reflect.DelegatingMethodAccessorImpl.invoke(DelegatingMethodAccessorImpl.java:43)
	at java.lang.reflect.Method.invoke(Method.java:498)
	at org.testng.internal.MethodInvocationHelper.invokeMethod(MethodInvocationHelper.java:124)
	at org.testng.internal.Invoker.invokeMethod(Invoker.java:583)
	at org.testng.internal.Invoker.invokeTestMethod(Invoker.java:719)
	at org.testng.internal.Invoker.invokeTestMethods(Invoker.java:989)
	at org.testng.internal.TestMethodWorker.invokeTestMethods(TestMethodWorker.java:125)
	at org.testng.internal.TestMethodWorker.run(TestMethodWorker.java:109)
	at org.testng.TestRunner.privateRun(TestRunner.java:648)
	at org.testng.TestRunner.run(TestRunner.java:505)
	at org.testng.SuiteRunner.runTest(SuiteRunner.java:455)
	at org.testng.SuiteRunner.runSequentially(SuiteRunner.java:450)
	at org.testng.SuiteRunner.privateRun(SuiteRunner.java:415)
	at org.testng.SuiteRunner.run(SuiteRunner.java:364)
	at org.testng.SuiteRunnerWorker.runSuite(SuiteRunnerWorker.java:52)
	at org.testng.SuiteRunnerWorker.run(SuiteRunnerWorker.java:84)
	at org.testng.TestNG.runSuitesSequentially(TestNG.java:1208)
	at org.testng.TestNG.runSuitesLocally(TestNG.java:1137)
	at org.testng.TestNG.runSuites(TestNG.java:1049)
	at org.testng.TestNG.run(TestNG.java:1017)
	at org.testng.remote.AbstractRemoteTestNG.run(AbstractRemoteTestNG.java:115)
	at org.testng.remote.RemoteTestNG.initAndRun(RemoteTestNG.java:251)
	at org.testng.remote.RemoteTestNG.main(RemoteTestNG.java:77)
Caused by: org.openqa.selenium.NoSuchElementException: Can't locate an element by this strategy: By.chained({By.xpath: //*[@id='logo']})
	at io.appium.java_client.pagefactory.AppiumElementLocator.findElement(AppiumElementLocator.java:126)
	at io.appium.java_client.pagefactory.interceptors.InterceptorOfASingleElement.intercept(InterceptorOfASingleElement.java:59)
	at io.appium.java_client.android.AndroidElement$$EnhancerByCGLIB$$b598166c.isDisplayed(<generated>)
	at org.openqa.selenium.support.ui.ExpectedConditions.elementIfVisible(ExpectedConditions.java:314)
	at org.openqa.selenium.support.ui.ExpectedConditions.access$000(ExpectedConditions.java:43)
	at org.openqa.selenium.support.ui.ExpectedConditions$10.apply(ExpectedConditions.java:300)
	at org.openqa.selenium.support.ui.ExpectedConditions$10.apply(ExpectedConditions.java:297)
	at org.openqa.selenium.support.ui.FluentWait.until(FluentWait.java:249)
	... 28 more
Caused by: org.openqa.selenium.TimeoutException: Expected condition failed: waiting for io.appium.java_client.pagefactory.AppiumElementLocator$WaitingFunction@21a5fd96 (tried for 1 second(s) with 500 milliseconds interval)
	at org.openqa.selenium.support.ui.FluentWait.timeoutException(FluentWait.java:304)
	at org.openqa.selenium.support.ui.FluentWait.until(FluentWait.java:272)
	at io.appium.java_client.pagefactory.AppiumElementLocator.waitFor(AppiumElementLocator.java:99)
	at io.appium.java_client.pagefactory.AppiumElementLocator.findElement(AppiumElementLocator.java:119)
	... 35 more
Caused by: org.openqa.selenium.NoSuchElementException: Cannot locate an element using By.chained({By.xpath: //*[@id='logo']})
For documentation on this error, please visit: https://www.seleniumhq.org/exceptions/no_such_element.html
Build info: version: '3.141.59', revision: 'e82be7d358', time: '2018-11-14T08:17:03'
System info: host: 'RAVI', ip: '10.0.0.29', os.name: 'Windows 10', os.arch: 'amd64', os.version: '10.0', java.version: '1.8.0_241'
Driver info: driver.version: AndroidDriver
	at io.appium.java_client.pagefactory.bys.builder.ByChained.findElement(ByChained.java:74)
	at org.openqa.selenium.remote.RemoteWebDriver.findElement(RemoteWebDriver.java:315)
	at io.appium.java_client.DefaultGenericMobileDriver.findElement(DefaultGenericMobileDriver.java:57)
	at io.appium.java_client.AppiumDriver.findElement(AppiumDriver.java:1)
	at io.appium.java_client.android.AndroidDriver.findElement(AndroidDriver.java:1)
	at io.appium.java_client.pagefactory.bys.ContentMappedBy.findElement(ContentMappedBy.java:50)
	at org.openqa.selenium.remote.RemoteWebDriver.findElement(RemoteWebDriver.java:315)
	at io.appium.java_client.DefaultGenericMobileDriver.findElement(DefaultGenericMobileDriver.java:57)
	at io.appium.java_client.AppiumDriver.findElement(AppiumDriver.java:1)
	at io.appium.java_client.android.AndroidDriver.findElement(AndroidDriver.java:1)
	at io.appium.java_client.pagefactory.AppiumElementLocator.lambda$0(AppiumElementLocator.java:120)
	at io.appium.java_client.pagefactory.AppiumElementLocator$WaitingFunction.apply(AppiumElementLocator.java:172)
	at io.appium.java_client.pagefactory.AppiumElementLocator$WaitingFunction.apply(AppiumElementLocator.java:1)
	at org.openqa.selenium.support.ui.FluentWait.until(FluentWait.java:249)
	... 37 more

[logsAndroid_Android INFO ] 2020-04-23 23:14:17.689 BaseTest:135 - video path: videos\Android_Android\2020-04-23-23-13-17\LoginTests\verifyLogin.mp4
[logsAndroid_Android INFO ] 2020-04-23 23:15:50.903 BaseTest:168 - log path: logs\Android_Android
[logsAndroid_Android INFO ] 2020-04-23 23:15:50.940 BaseTest:175 - load config.properties
[logsAndroid_Android INFO ] 2020-04-23 23:15:50.942 BaseTest:180 - load strings/strings.xml
[logsAndroid_Android INFO ] 2020-04-23 23:16:24.190 BaseTest:221 - driver initialized: io.appium.java_client.android.AndroidDriver, Capabilities: {appActivity=com.ebay.mobile.activities.MainActivity, appPackage=com.ebay.mobile, automationName=appium, chromeDriverPort=11000, databaseEnabled=false, desired={platformName=android, chromeDriverPort=11000, appActivity=com.ebay.mobile.activities.MainActivity, appPackage=com.ebay.mobile, automationName=appium, deviceName=Android, systemPort=10000}, deviceApiLevel=29, deviceManufacturer=samsung, deviceModel=SM-G973F, deviceName=RF8M33H972B, deviceScreenDensity=420, deviceScreenSize=1080x2280, deviceUDID=RF8M33H972B, javascriptEnabled=true, locationContextEnabled=false, networkConnectionEnabled=true, pixelRatio=2.625, platform=LINUX, platformName=Android, platformVersion=10, statBarHeight=112, systemPort=10000, takesScreenshot=true, viewportRect={left=0, top=112, width=1080, height=2017}, warnings={}, webStorageEnabled=false}
[logsAndroid_Android INFO ] 2020-04-23 23:16:30.979 LoginPage:28 - login with sdet2021@gmail.com
[logsAndroid_Android INFO ] 2020-04-23 23:16:33.809 LoginPage:44 - Clicking on login button
[logsAndroid_Android ERROR] 2020-04-23 23:16:52.147 TestListener:28 - org.openqa.selenium.TimeoutException: Expected condition failed: waiting for visibility of Located by By.chained({By.xpath: //*[@id='logo']}) (tried for 10 second(s) with 500 milliseconds interval)
	at org.openqa.selenium.support.ui.WebDriverWait.timeoutException(WebDriverWait.java:95)
	at org.openqa.selenium.support.ui.FluentWait.until(FluentWait.java:272)
	at com.qa.BaseTest.waitForVisibility(BaseTest.java:237)
	at com.qa.pages.HomePage.verifyeBayLogo(HomePage.java:76)
	at com.qa.tests.LoginTests.verifyLogin(LoginTests.java:64)
	at sun.reflect.NativeMethodAccessorImpl.invoke0(Native Method)
	at sun.reflect.NativeMethodAccessorImpl.invoke(NativeMethodAccessorImpl.java:62)
	at sun.reflect.DelegatingMethodAccessorImpl.invoke(DelegatingMethodAccessorImpl.java:43)
	at java.lang.reflect.Method.invoke(Method.java:498)
	at org.testng.internal.MethodInvocationHelper.invokeMethod(MethodInvocationHelper.java:124)
	at org.testng.internal.Invoker.invokeMethod(Invoker.java:583)
	at org.testng.internal.Invoker.invokeTestMethod(Invoker.java:719)
	at org.testng.internal.Invoker.invokeTestMethods(Invoker.java:989)
	at org.testng.internal.TestMethodWorker.invokeTestMethods(TestMethodWorker.java:125)
	at org.testng.internal.TestMethodWorker.run(TestMethodWorker.java:109)
	at org.testng.TestRunner.privateRun(TestRunner.java:648)
	at org.testng.TestRunner.run(TestRunner.java:505)
	at org.testng.SuiteRunner.runTest(SuiteRunner.java:455)
	at org.testng.SuiteRunner.runSequentially(SuiteRunner.java:450)
	at org.testng.SuiteRunner.privateRun(SuiteRunner.java:415)
	at org.testng.SuiteRunner.run(SuiteRunner.java:364)
	at org.testng.SuiteRunnerWorker.runSuite(SuiteRunnerWorker.java:52)
	at org.testng.SuiteRunnerWorker.run(SuiteRunnerWorker.java:84)
	at org.testng.TestNG.runSuitesSequentially(TestNG.java:1208)
	at org.testng.TestNG.runSuitesLocally(TestNG.java:1137)
	at org.testng.TestNG.runSuites(TestNG.java:1049)
	at org.testng.TestNG.run(TestNG.java:1017)
	at org.testng.remote.AbstractRemoteTestNG.run(AbstractRemoteTestNG.java:115)
	at org.testng.remote.RemoteTestNG.initAndRun(RemoteTestNG.java:251)
	at org.testng.remote.RemoteTestNG.main(RemoteTestNG.java:77)
Caused by: org.openqa.selenium.NoSuchElementException: Can't locate an element by this strategy: By.chained({By.xpath: //*[@id='logo']})
	at io.appium.java_client.pagefactory.AppiumElementLocator.findElement(AppiumElementLocator.java:126)
	at io.appium.java_client.pagefactory.interceptors.InterceptorOfASingleElement.intercept(InterceptorOfASingleElement.java:59)
	at io.appium.java_client.android.AndroidElement$$EnhancerByCGLIB$$b598166c.isDisplayed(<generated>)
	at org.openqa.selenium.support.ui.ExpectedConditions.elementIfVisible(ExpectedConditions.java:314)
	at org.openqa.selenium.support.ui.ExpectedConditions.access$000(ExpectedConditions.java:43)
	at org.openqa.selenium.support.ui.ExpectedConditions$10.apply(ExpectedConditions.java:300)
	at org.openqa.selenium.support.ui.ExpectedConditions$10.apply(ExpectedConditions.java:297)
	at org.openqa.selenium.support.ui.FluentWait.until(FluentWait.java:249)
	... 28 more
Caused by: org.openqa.selenium.TimeoutException: Expected condition failed: waiting for io.appium.java_client.pagefactory.AppiumElementLocator$WaitingFunction@7a0e1b5e (tried for 1 second(s) with 500 milliseconds interval)
	at org.openqa.selenium.support.ui.FluentWait.timeoutException(FluentWait.java:304)
	at org.openqa.selenium.support.ui.FluentWait.until(FluentWait.java:272)
	at io.appium.java_client.pagefactory.AppiumElementLocator.waitFor(AppiumElementLocator.java:99)
	at io.appium.java_client.pagefactory.AppiumElementLocator.findElement(AppiumElementLocator.java:119)
	... 35 more
Caused by: org.openqa.selenium.NoSuchElementException: Cannot locate an element using By.chained({By.xpath: //*[@id='logo']})
For documentation on this error, please visit: https://www.seleniumhq.org/exceptions/no_such_element.html
Build info: version: '3.141.59', revision: 'e82be7d358', time: '2018-11-14T08:17:03'
System info: host: 'RAVI', ip: '10.0.0.29', os.name: 'Windows 10', os.arch: 'amd64', os.version: '10.0', java.version: '1.8.0_241'
Driver info: driver.version: AndroidDriver
	at io.appium.java_client.pagefactory.bys.builder.ByChained.findElement(ByChained.java:74)
	at org.openqa.selenium.remote.RemoteWebDriver.findElement(RemoteWebDriver.java:315)
	at io.appium.java_client.DefaultGenericMobileDriver.findElement(DefaultGenericMobileDriver.java:57)
	at io.appium.java_client.AppiumDriver.findElement(AppiumDriver.java:1)
	at io.appium.java_client.android.AndroidDriver.findElement(AndroidDriver.java:1)
	at io.appium.java_client.pagefactory.bys.ContentMappedBy.findElement(ContentMappedBy.java:50)
	at org.openqa.selenium.remote.RemoteWebDriver.findElement(RemoteWebDriver.java:315)
	at io.appium.java_client.DefaultGenericMobileDriver.findElement(DefaultGenericMobileDriver.java:57)
	at io.appium.java_client.AppiumDriver.findElement(AppiumDriver.java:1)
	at io.appium.java_client.android.AndroidDriver.findElement(AndroidDriver.java:1)
	at io.appium.java_client.pagefactory.AppiumElementLocator.lambda$0(AppiumElementLocator.java:120)
	at io.appium.java_client.pagefactory.AppiumElementLocator$WaitingFunction.apply(AppiumElementLocator.java:172)
	at io.appium.java_client.pagefactory.AppiumElementLocator$WaitingFunction.apply(AppiumElementLocator.java:1)
	at org.openqa.selenium.support.ui.FluentWait.until(FluentWait.java:249)
	... 37 more

[logsAndroid_Android INFO ] 2020-04-23 23:16:55.613 BaseTest:135 - video path: videos\Android_Android\2020-04-23-23-15-50\LoginTests\verifyLogin.mp4
[logsAndroid_Android INFO ] 2020-04-23 23:21:37.960 BaseTest:168 - log path: logs\Android_Android
[logsAndroid_Android INFO ] 2020-04-23 23:21:38.005 BaseTest:175 - load config.properties
[logsAndroid_Android INFO ] 2020-04-23 23:21:38.006 BaseTest:180 - load strings/strings.xml
[logsAndroid_Android INFO ] 2020-04-23 23:22:05.932 BaseTest:221 - driver initialized: io.appium.java_client.android.AndroidDriver, Capabilities: {appActivity=com.ebay.mobile.activities.MainActivity, appPackage=com.ebay.mobile, automationName=appium, chromeDriverPort=11000, databaseEnabled=false, desired={platformName=android, chromeDriverPort=11000, appActivity=com.ebay.mobile.activities.MainActivity, appPackage=com.ebay.mobile, automationName=appium, deviceName=Android, systemPort=10000}, deviceApiLevel=29, deviceManufacturer=samsung, deviceModel=SM-G973F, deviceName=RF8M33H972B, deviceScreenDensity=420, deviceScreenSize=1080x2280, deviceUDID=RF8M33H972B, javascriptEnabled=true, locationContextEnabled=false, networkConnectionEnabled=true, pixelRatio=2.625, platform=LINUX, platformName=Android, platformVersion=10, statBarHeight=112, systemPort=10000, takesScreenshot=true, viewportRect={left=0, top=112, width=1080, height=2017}, warnings={}, webStorageEnabled=false}
[logsAndroid_Android INFO ] 2020-04-23 23:22:13.555 LoginPage:28 - login with sdet2021@gmail.com
[logsAndroid_Android INFO ] 2020-04-23 23:22:16.435 LoginPage:44 - Clicking on login button
[logsAndroid_Android INFO ] 2020-04-23 23:22:23.045 LoginTests:65 - Login is Successfull
[logsAndroid_Android INFO ] 2020-04-23 23:22:25.346 BaseTest:135 - video path: videos\Android_Android\2020-04-23-23-21-37\LoginTests\verifyLogin.mp4
[logsAndroid_Android INFO ] 2020-04-23 23:23:26.445 BaseTest:168 - log path: logs\Android_Android
[logsAndroid_Android INFO ] 2020-04-23 23:23:26.489 BaseTest:175 - load config.properties
[logsAndroid_Android INFO ] 2020-04-23 23:23:26.490 BaseTest:180 - load strings/strings.xml
[logsAndroid_Android INFO ] 2020-04-23 23:23:54.332 BaseTest:221 - driver initialized: io.appium.java_client.android.AndroidDriver, Capabilities: {appActivity=com.ebay.mobile.activities.MainActivity, appPackage=com.ebay.mobile, automationName=appium, chromeDriverPort=11000, databaseEnabled=false, desired={platformName=android, chromeDriverPort=11000, appActivity=com.ebay.mobile.activities.MainActivity, appPackage=com.ebay.mobile, automationName=appium, deviceName=Android, systemPort=10000}, deviceApiLevel=29, deviceManufacturer=samsung, deviceModel=SM-G973F, deviceName=RF8M33H972B, deviceScreenDensity=420, deviceScreenSize=1080x2280, deviceUDID=RF8M33H972B, javascriptEnabled=true, locationContextEnabled=false, networkConnectionEnabled=true, pixelRatio=2.625, platform=LINUX, platformName=Android, platformVersion=10, statBarHeight=112, systemPort=10000, takesScreenshot=true, viewportRect={left=0, top=112, width=1080, height=2017}, warnings={}, webStorageEnabled=false}
[logsAndroid_Android INFO ] 2020-04-23 23:24:00.950 LoginPage:28 - login with sdet2021@gmail.com
[logsAndroid_Android INFO ] 2020-04-23 23:24:03.284 LoginPage:44 - Clicking on login button
[logsAndroid_Android INFO ] 2020-04-23 23:24:10.066 LoginTests:65 - Login is Successfull
[logsAndroid_Android INFO ] 2020-04-23 23:24:11.863 BaseTest:135 - video path: videos\Android_Android\2020-04-23-23-23-25\LoginTests\verifyLogin.mp4
[logsAndroid_Android INFO ] 2020-04-23 23:24:14.508 ProductTests:54 - 
****** starting test:searchForAnItem******

[logsAndroid_Android INFO ] 2020-04-23 23:24:17.762 LoginPage:28 - login with sdet2021@gmail.com
[logsAndroid_Android INFO ] 2020-04-23 23:24:20.052 LoginPage:44 - Clicking on login button
[logsAndroid_Android ERROR] 2020-04-23 23:24:39.889 TestListener:28 - org.openqa.selenium.TimeoutException: Expected condition failed: waiting for visibility of Located by By.chained({By.xpath: //*[@id='search_box']}) (tried for 10 second(s) with 500 milliseconds interval)
	at org.openqa.selenium.support.ui.WebDriverWait.timeoutException(WebDriverWait.java:95)
	at org.openqa.selenium.support.ui.FluentWait.until(FluentWait.java:272)
	at com.qa.BaseTest.waitForVisibility(BaseTest.java:237)
	at com.qa.BaseTest.click(BaseTest.java:255)
	at com.qa.pages.HomePage.clickSearchLink(HomePage.java:81)
	at com.qa.tests.ProductTests.searchForAnItem(ProductTests.java:68)
	at sun.reflect.NativeMethodAccessorImpl.invoke0(Native Method)
	at sun.reflect.NativeMethodAccessorImpl.invoke(NativeMethodAccessorImpl.java:62)
	at sun.reflect.DelegatingMethodAccessorImpl.invoke(DelegatingMethodAccessorImpl.java:43)
	at java.lang.reflect.Method.invoke(Method.java:498)
	at org.testng.internal.MethodInvocationHelper.invokeMethod(MethodInvocationHelper.java:124)
	at org.testng.internal.Invoker.invokeMethod(Invoker.java:583)
	at org.testng.internal.Invoker.invokeTestMethod(Invoker.java:719)
	at org.testng.internal.Invoker.invokeTestMethods(Invoker.java:989)
	at org.testng.internal.TestMethodWorker.invokeTestMethods(TestMethodWorker.java:125)
	at org.testng.internal.TestMethodWorker.run(TestMethodWorker.java:109)
	at org.testng.TestRunner.privateRun(TestRunner.java:648)
	at org.testng.TestRunner.run(TestRunner.java:505)
	at org.testng.SuiteRunner.runTest(SuiteRunner.java:455)
	at org.testng.SuiteRunner.runSequentially(SuiteRunner.java:450)
	at org.testng.SuiteRunner.privateRun(SuiteRunner.java:415)
	at org.testng.SuiteRunner.run(SuiteRunner.java:364)
	at org.testng.SuiteRunnerWorker.runSuite(SuiteRunnerWorker.java:52)
	at org.testng.SuiteRunnerWorker.run(SuiteRunnerWorker.java:84)
	at org.testng.TestNG.runSuitesSequentially(TestNG.java:1208)
	at org.testng.TestNG.runSuitesLocally(TestNG.java:1137)
	at org.testng.TestNG.runSuites(TestNG.java:1049)
	at org.testng.TestNG.run(TestNG.java:1017)
	at org.testng.remote.AbstractRemoteTestNG.run(AbstractRemoteTestNG.java:115)
	at org.testng.remote.RemoteTestNG.initAndRun(RemoteTestNG.java:251)
	at org.testng.remote.RemoteTestNG.main(RemoteTestNG.java:77)
Caused by: org.openqa.selenium.NoSuchElementException: Can't locate an element by this strategy: By.chained({By.xpath: //*[@id='search_box']})
	at io.appium.java_client.pagefactory.AppiumElementLocator.findElement(AppiumElementLocator.java:126)
	at io.appium.java_client.pagefactory.interceptors.InterceptorOfASingleElement.intercept(InterceptorOfASingleElement.java:59)
	at io.appium.java_client.android.AndroidElement$$EnhancerByCGLIB$$b598166c.isDisplayed(<generated>)
	at org.openqa.selenium.support.ui.ExpectedConditions.elementIfVisible(ExpectedConditions.java:314)
	at org.openqa.selenium.support.ui.ExpectedConditions.access$000(ExpectedConditions.java:43)
	at org.openqa.selenium.support.ui.ExpectedConditions$10.apply(ExpectedConditions.java:300)
	at org.openqa.selenium.support.ui.ExpectedConditions$10.apply(ExpectedConditions.java:297)
	at org.openqa.selenium.support.ui.FluentWait.until(FluentWait.java:249)
	... 29 more
Caused by: org.openqa.selenium.TimeoutException: Expected condition failed: waiting for io.appium.java_client.pagefactory.AppiumElementLocator$WaitingFunction@5bdaf2ce (tried for 1 second(s) with 500 milliseconds interval)
	at org.openqa.selenium.support.ui.FluentWait.timeoutException(FluentWait.java:304)
	at org.openqa.selenium.support.ui.FluentWait.until(FluentWait.java:272)
	at io.appium.java_client.pagefactory.AppiumElementLocator.waitFor(AppiumElementLocator.java:99)
	at io.appium.java_client.pagefactory.AppiumElementLocator.findElement(AppiumElementLocator.java:119)
	... 36 more
Caused by: org.openqa.selenium.NoSuchElementException: Cannot locate an element using By.chained({By.xpath: //*[@id='search_box']})
For documentation on this error, please visit: https://www.seleniumhq.org/exceptions/no_such_element.html
Build info: version: '3.141.59', revision: 'e82be7d358', time: '2018-11-14T08:17:03'
System info: host: 'RAVI', ip: '10.0.0.29', os.name: 'Windows 10', os.arch: 'amd64', os.version: '10.0', java.version: '1.8.0_241'
Driver info: driver.version: AndroidDriver
	at io.appium.java_client.pagefactory.bys.builder.ByChained.findElement(ByChained.java:74)
	at org.openqa.selenium.remote.RemoteWebDriver.findElement(RemoteWebDriver.java:315)
	at io.appium.java_client.DefaultGenericMobileDriver.findElement(DefaultGenericMobileDriver.java:57)
	at io.appium.java_client.AppiumDriver.findElement(AppiumDriver.java:1)
	at io.appium.java_client.android.AndroidDriver.findElement(AndroidDriver.java:1)
	at io.appium.java_client.pagefactory.bys.ContentMappedBy.findElement(ContentMappedBy.java:50)
	at org.openqa.selenium.remote.RemoteWebDriver.findElement(RemoteWebDriver.java:315)
	at io.appium.java_client.DefaultGenericMobileDriver.findElement(DefaultGenericMobileDriver.java:57)
	at io.appium.java_client.AppiumDriver.findElement(AppiumDriver.java:1)
	at io.appium.java_client.android.AndroidDriver.findElement(AndroidDriver.java:1)
	at io.appium.java_client.pagefactory.AppiumElementLocator.lambda$0(AppiumElementLocator.java:120)
	at io.appium.java_client.pagefactory.AppiumElementLocator$WaitingFunction.apply(AppiumElementLocator.java:172)
	at io.appium.java_client.pagefactory.AppiumElementLocator$WaitingFunction.apply(AppiumElementLocator.java:1)
	at org.openqa.selenium.support.ui.FluentWait.until(FluentWait.java:249)
	... 38 more

[logsAndroid_Android INFO ] 2020-04-23 23:24:43.028 BaseTest:135 - video path: videos\Android_Android\2020-04-23-23-23-25\ProductTests\searchForAnItem.mp4
[logsAndroid_Android INFO ] 2020-04-23 23:29:17.024 BaseTest:168 - log path: logs\Android_Android
[logsAndroid_Android INFO ] 2020-04-23 23:29:17.069 BaseTest:175 - load config.properties
[logsAndroid_Android INFO ] 2020-04-23 23:29:17.070 BaseTest:180 - load strings/strings.xml
[logsAndroid_Android INFO ] 2020-04-23 23:29:45.504 BaseTest:221 - driver initialized: io.appium.java_client.android.AndroidDriver, Capabilities: {appActivity=com.ebay.mobile.activities.MainActivity, appPackage=com.ebay.mobile, automationName=appium, chromeDriverPort=11000, databaseEnabled=false, desired={platformName=android, chromeDriverPort=11000, appActivity=com.ebay.mobile.activities.MainActivity, appPackage=com.ebay.mobile, automationName=appium, deviceName=Android, systemPort=10000}, deviceApiLevel=29, deviceManufacturer=samsung, deviceModel=SM-G973F, deviceName=RF8M33H972B, deviceScreenDensity=420, deviceScreenSize=1080x2280, deviceUDID=RF8M33H972B, javascriptEnabled=true, locationContextEnabled=false, networkConnectionEnabled=true, pixelRatio=2.625, platform=LINUX, platformName=Android, platformVersion=10, statBarHeight=112, systemPort=10000, takesScreenshot=true, viewportRect={left=0, top=112, width=1080, height=2017}, warnings={}, webStorageEnabled=false}
[logsAndroid_Android INFO ] 2020-04-23 23:29:48.264 ProductTests:54 - 
****** starting test:searchForAnItem******

[logsAndroid_Android INFO ] 2020-04-23 23:29:51.940 LoginPage:28 - login with sdet2021@gmail.com
[logsAndroid_Android INFO ] 2020-04-23 23:29:54.921 LoginPage:44 - Clicking on login button
[logsAndroid_Android ERROR] 2020-04-23 23:30:16.869 TestListener:28 - org.openqa.selenium.TimeoutException: Expected condition failed: waiting for visibility of Located by By.chained({By.xpath: //*[@id='search_src_text']}) (tried for 10 second(s) with 500 milliseconds interval)
	at org.openqa.selenium.support.ui.WebDriverWait.timeoutException(WebDriverWait.java:95)
	at org.openqa.selenium.support.ui.FluentWait.until(FluentWait.java:272)
	at com.qa.BaseTest.waitForVisibility(BaseTest.java:237)
	at com.qa.BaseTest.sendKeys(BaseTest.java:260)
	at com.qa.pages.HomePage.enterSearchItem(HomePage.java:86)
	at com.qa.tests.ProductTests.searchForAnItem(ProductTests.java:69)
	at sun.reflect.NativeMethodAccessorImpl.invoke0(Native Method)
	at sun.reflect.NativeMethodAccessorImpl.invoke(NativeMethodAccessorImpl.java:62)
	at sun.reflect.DelegatingMethodAccessorImpl.invoke(DelegatingMethodAccessorImpl.java:43)
	at java.lang.reflect.Method.invoke(Method.java:498)
	at org.testng.internal.MethodInvocationHelper.invokeMethod(MethodInvocationHelper.java:124)
	at org.testng.internal.Invoker.invokeMethod(Invoker.java:583)
	at org.testng.internal.Invoker.invokeTestMethod(Invoker.java:719)
	at org.testng.internal.Invoker.invokeTestMethods(Invoker.java:989)
	at org.testng.internal.TestMethodWorker.invokeTestMethods(TestMethodWorker.java:125)
	at org.testng.internal.TestMethodWorker.run(TestMethodWorker.java:109)
	at org.testng.TestRunner.privateRun(TestRunner.java:648)
	at org.testng.TestRunner.run(TestRunner.java:505)
	at org.testng.SuiteRunner.runTest(SuiteRunner.java:455)
	at org.testng.SuiteRunner.runSequentially(SuiteRunner.java:450)
	at org.testng.SuiteRunner.privateRun(SuiteRunner.java:415)
	at org.testng.SuiteRunner.run(SuiteRunner.java:364)
	at org.testng.SuiteRunnerWorker.runSuite(SuiteRunnerWorker.java:52)
	at org.testng.SuiteRunnerWorker.run(SuiteRunnerWorker.java:84)
	at org.testng.TestNG.runSuitesSequentially(TestNG.java:1208)
	at org.testng.TestNG.runSuitesLocally(TestNG.java:1137)
	at org.testng.TestNG.runSuites(TestNG.java:1049)
	at org.testng.TestNG.run(TestNG.java:1017)
	at org.testng.remote.AbstractRemoteTestNG.run(AbstractRemoteTestNG.java:115)
	at org.testng.remote.RemoteTestNG.initAndRun(RemoteTestNG.java:251)
	at org.testng.remote.RemoteTestNG.main(RemoteTestNG.java:77)
Caused by: org.openqa.selenium.NoSuchElementException: Can't locate an element by this strategy: By.chained({By.xpath: //*[@id='search_src_text']})
	at io.appium.java_client.pagefactory.AppiumElementLocator.findElement(AppiumElementLocator.java:126)
	at io.appium.java_client.pagefactory.interceptors.InterceptorOfASingleElement.intercept(InterceptorOfASingleElement.java:59)
	at io.appium.java_client.android.AndroidElement$$EnhancerByCGLIB$$b598166c.isDisplayed(<generated>)
	at org.openqa.selenium.support.ui.ExpectedConditions.elementIfVisible(ExpectedConditions.java:314)
	at org.openqa.selenium.support.ui.ExpectedConditions.access$000(ExpectedConditions.java:43)
	at org.openqa.selenium.support.ui.ExpectedConditions$10.apply(ExpectedConditions.java:300)
	at org.openqa.selenium.support.ui.ExpectedConditions$10.apply(ExpectedConditions.java:297)
	at org.openqa.selenium.support.ui.FluentWait.until(FluentWait.java:249)
	... 29 more
Caused by: org.openqa.selenium.TimeoutException: Expected condition failed: waiting for io.appium.java_client.pagefactory.AppiumElementLocator$WaitingFunction@2024293c (tried for 1 second(s) with 500 milliseconds interval)
	at org.openqa.selenium.support.ui.FluentWait.timeoutException(FluentWait.java:304)
	at org.openqa.selenium.support.ui.FluentWait.until(FluentWait.java:272)
	at io.appium.java_client.pagefactory.AppiumElementLocator.waitFor(AppiumElementLocator.java:99)
	at io.appium.java_client.pagefactory.AppiumElementLocator.findElement(AppiumElementLocator.java:119)
	... 36 more
Caused by: org.openqa.selenium.NoSuchElementException: Cannot locate an element using By.chained({By.xpath: //*[@id='search_src_text']})
For documentation on this error, please visit: https://www.seleniumhq.org/exceptions/no_such_element.html
Build info: version: '3.141.59', revision: 'e82be7d358', time: '2018-11-14T08:17:03'
System info: host: 'RAVI', ip: '10.0.0.29', os.name: 'Windows 10', os.arch: 'amd64', os.version: '10.0', java.version: '1.8.0_241'
Driver info: driver.version: AndroidDriver
	at io.appium.java_client.pagefactory.bys.builder.ByChained.findElement(ByChained.java:74)
	at org.openqa.selenium.remote.RemoteWebDriver.findElement(RemoteWebDriver.java:315)
	at io.appium.java_client.DefaultGenericMobileDriver.findElement(DefaultGenericMobileDriver.java:57)
	at io.appium.java_client.AppiumDriver.findElement(AppiumDriver.java:1)
	at io.appium.java_client.android.AndroidDriver.findElement(AndroidDriver.java:1)
	at io.appium.java_client.pagefactory.bys.ContentMappedBy.findElement(ContentMappedBy.java:50)
	at org.openqa.selenium.remote.RemoteWebDriver.findElement(RemoteWebDriver.java:315)
	at io.appium.java_client.DefaultGenericMobileDriver.findElement(DefaultGenericMobileDriver.java:57)
	at io.appium.java_client.AppiumDriver.findElement(AppiumDriver.java:1)
	at io.appium.java_client.android.AndroidDriver.findElement(AndroidDriver.java:1)
	at io.appium.java_client.pagefactory.AppiumElementLocator.lambda$0(AppiumElementLocator.java:120)
	at io.appium.java_client.pagefactory.AppiumElementLocator$WaitingFunction.apply(AppiumElementLocator.java:172)
	at io.appium.java_client.pagefactory.AppiumElementLocator$WaitingFunction.apply(AppiumElementLocator.java:1)
	at org.openqa.selenium.support.ui.FluentWait.until(FluentWait.java:249)
	... 38 more

[logsAndroid_Android INFO ] 2020-04-23 23:30:19.905 BaseTest:135 - video path: videos\Android_Android\2020-04-23-23-29-16\ProductTests\searchForAnItem.mp4
[logsAndroid_Android INFO ] 2020-04-23 23:34:18.789 BaseTest:168 - log path: logs\Android_Android
[logsAndroid_Android INFO ] 2020-04-23 23:34:18.868 BaseTest:175 - load config.properties
[logsAndroid_Android INFO ] 2020-04-23 23:34:18.869 BaseTest:180 - load strings/strings.xml
[logsAndroid_Android INFO ] 2020-04-23 23:34:52.776 BaseTest:221 - driver initialized: io.appium.java_client.android.AndroidDriver, Capabilities: {appActivity=com.ebay.mobile.activities.MainActivity, appPackage=com.ebay.mobile, automationName=appium, chromeDriverPort=11000, databaseEnabled=false, desired={platformName=android, chromeDriverPort=11000, appActivity=com.ebay.mobile.activities.MainActivity, appPackage=com.ebay.mobile, automationName=appium, deviceName=Android, systemPort=10000}, deviceApiLevel=29, deviceManufacturer=samsung, deviceModel=SM-G973F, deviceName=RF8M33H972B, deviceScreenDensity=420, deviceScreenSize=1080x2280, deviceUDID=RF8M33H972B, javascriptEnabled=true, locationContextEnabled=false, networkConnectionEnabled=true, pixelRatio=2.625, platform=LINUX, platformName=Android, platformVersion=10, statBarHeight=112, systemPort=10000, takesScreenshot=true, viewportRect={left=0, top=112, width=1080, height=2017}, warnings={}, webStorageEnabled=false}
[logsAndroid_Android INFO ] 2020-04-23 23:34:55.984 ProductTests:54 - 
****** starting test:searchForAnItem******

[logsAndroid_Android INFO ] 2020-04-23 23:34:59.949 LoginPage:28 - login with sdet2021@gmail.com
[logsAndroid_Android INFO ] 2020-04-23 23:35:01.835 LoginPage:44 - Clicking on login button
[logsAndroid_Android INFO ] 2020-04-23 23:35:13.149 BaseTest:135 - video path: videos\Android_Android\2020-04-23-23-34-17\ProductTests\searchForAnItem.mp4
[logsAndroid_Android INFO ] 2020-04-23 23:36:51.254 BaseTest:168 - log path: logs\Android_Android
[logsAndroid_Android INFO ] 2020-04-23 23:36:51.300 BaseTest:175 - load config.properties
[logsAndroid_Android INFO ] 2020-04-23 23:36:51.301 BaseTest:180 - load strings/strings.xml
[logsAndroid_Android INFO ] 2020-04-23 23:37:21.775 BaseTest:221 - driver initialized: io.appium.java_client.android.AndroidDriver, Capabilities: {appActivity=com.ebay.mobile.activities.MainActivity, appPackage=com.ebay.mobile, automationName=appium, chromeDriverPort=11000, databaseEnabled=false, desired={platformName=android, chromeDriverPort=11000, appActivity=com.ebay.mobile.activities.MainActivity, appPackage=com.ebay.mobile, automationName=appium, deviceName=Android, systemPort=10000}, deviceApiLevel=29, deviceManufacturer=samsung, deviceModel=SM-G973F, deviceName=RF8M33H972B, deviceScreenDensity=420, deviceScreenSize=1080x2280, deviceUDID=RF8M33H972B, javascriptEnabled=true, locationContextEnabled=false, networkConnectionEnabled=true, pixelRatio=2.625, platform=LINUX, platformName=Android, platformVersion=10, statBarHeight=112, systemPort=10000, takesScreenshot=true, viewportRect={left=0, top=112, width=1080, height=2017}, warnings={}, webStorageEnabled=false}
[logsAndroid_Android INFO ] 2020-04-23 23:37:24.608 ProductTests:54 - 
****** starting test:searchForAnItem******

[logsAndroid_Android INFO ] 2020-04-23 23:37:28.288 LoginPage:28 - login with sdet2021@gmail.com
[logsAndroid_Android INFO ] 2020-04-23 23:37:31.253 LoginPage:44 - Clicking on login button
[logsAndroid_Android INFO ] 2020-04-23 23:37:46.860 BaseTest:135 - video path: videos\Android_Android\2020-04-23-23-36-50\ProductTests\searchForAnItem.mp4
[logsAndroid_Android INFO ] 2020-04-23 23:44:54.267 BaseTest:168 - log path: logs\Android_Android
[logsAndroid_Android INFO ] 2020-04-23 23:44:54.314 BaseTest:175 - load config.properties
[logsAndroid_Android INFO ] 2020-04-23 23:44:54.315 BaseTest:180 - load strings/strings.xml
[logsAndroid_Android INFO ] 2020-04-23 23:45:24.783 BaseTest:221 - driver initialized: io.appium.java_client.android.AndroidDriver, Capabilities: {appActivity=com.ebay.mobile.activities.MainActivity, appPackage=com.ebay.mobile, automationName=appium, chromeDriverPort=11000, databaseEnabled=false, desired={platformName=android, chromeDriverPort=11000, appActivity=com.ebay.mobile.activities.MainActivity, appPackage=com.ebay.mobile, automationName=appium, deviceName=Android, systemPort=10000}, deviceApiLevel=29, deviceManufacturer=samsung, deviceModel=SM-G973F, deviceName=RF8M33H972B, deviceScreenDensity=420, deviceScreenSize=1080x2280, deviceUDID=RF8M33H972B, javascriptEnabled=true, locationContextEnabled=false, networkConnectionEnabled=true, pixelRatio=2.625, platform=LINUX, platformName=Android, platformVersion=10, statBarHeight=112, systemPort=10000, takesScreenshot=true, viewportRect={left=0, top=112, width=1080, height=2017}, warnings={}, webStorageEnabled=false}
[logsAndroid_Android INFO ] 2020-04-23 23:45:28.269 ProductTests:57 - 
****** starting test:searchForAnItem******

[logsAndroid_Android INFO ] 2020-04-23 23:45:32.089 LoginPage:28 - login with sdet2021@gmail.com
[logsAndroid_Android INFO ] 2020-04-23 23:45:34.901 LoginPage:44 - Clicking on login button
[logsAndroid_Android INFO ] 2020-04-23 23:45:48.589 BaseTest:135 - video path: videos\Android_Android\2020-04-23-23-44-53\ProductTests\searchForAnItem.mp4
[logsAndroid_Android INFO ] 2020-04-23 23:57:06.490 BaseTest:168 - log path: logs\Android_Android
[logsAndroid_Android INFO ] 2020-04-23 23:57:06.521 BaseTest:175 - load config.properties
[logsAndroid_Android INFO ] 2020-04-23 23:57:06.521 BaseTest:180 - load strings/strings.xml
[logsAndroid_Android INFO ] 2020-04-23 23:57:36.023 BaseTest:221 - driver initialized: io.appium.java_client.android.AndroidDriver, Capabilities: {appActivity=com.ebay.mobile.activities.MainActivity, appPackage=com.ebay.mobile, automationName=appium, chromeDriverPort=11000, databaseEnabled=false, desired={platformName=android, chromeDriverPort=11000, appActivity=com.ebay.mobile.activities.MainActivity, appPackage=com.ebay.mobile, automationName=appium, deviceName=Android, systemPort=10000}, deviceApiLevel=29, deviceManufacturer=samsung, deviceModel=SM-G973F, deviceName=RF8M33H972B, deviceScreenDensity=420, deviceScreenSize=1080x2280, deviceUDID=RF8M33H972B, javascriptEnabled=true, locationContextEnabled=false, networkConnectionEnabled=true, pixelRatio=2.625, platform=LINUX, platformName=Android, platformVersion=10, statBarHeight=112, systemPort=10000, takesScreenshot=true, viewportRect={left=0, top=112, width=1080, height=2017}, warnings={}, webStorageEnabled=false}
[logsAndroid_Android INFO ] 2020-04-23 23:57:39.004 ProductTests:59 - 
****** starting test:searchForAnItem******

[logsAndroid_Android INFO ] 2020-04-23 23:57:42.793 LoginPage:28 - login with sdet2021@gmail.com
[logsAndroid_Android INFO ] 2020-04-23 23:57:45.600 LoginPage:44 - Clicking on login button
[logsAndroid_Android INFO ] 2020-04-23 23:58:00.350 BaseTest:135 - video path: videos\Android_Android\2020-04-23-23-57-05\ProductTests\searchForAnItem.mp4
